{"/home/c03rad0r/.hermes/kanban/boards/bitblik-hardening/workspaces/t_6ed355ab/blik/demo/trust-proof/src/demo.ts": {"path":"/home/c03rad0r/.hermes/kanban/boards/bitblik-hardening/workspaces/t_6ed355ab/blik/demo/trust-proof/src/demo.ts","all":true,"statementMap":{"0":{"start":{"line":1,"column":0},"end":{"line":1,"column":3}},"70":{"start":{"line":71,"column":0},"end":{"line":71,"column":21}},"72":{"start":{"line":73,"column":0},"end":{"line":73,"column":54}},"73":{"start":{"line":74,"column":0},"end":{"line":74,"column":30}},"74":{"start":{"line":75,"column":0},"end":{"line":75,"column":44}},"75":{"start":{"line":76,"column":0},"end":{"line":76,"column":58}},"76":{"start":{"line":77,"column":0},"end":{"line":77,"column":44}},"77":{"start":{"line":78,"column":0},"end":{"line":78,"column":67}},"78":{"start":{"line":79,"column":0},"end":{"line":79,"column":44}},"79":{"start":{"line":80,"column":0},"end":{"line":80,"column":56}},"80":{"start":{"line":81,"column":0},"end":{"line":81,"column":1}},"82":{"start":{"line":83,"column":0},"end":{"line":83,"column":60}},"83":{"start":{"line":84,"column":0},"end":{"line":84,"column":30}},"84":{"start":{"line":85,"column":0},"end":{"line":85,"column":53}},"85":{"start":{"line":86,"column":0},"end":{"line":86,"column":32}},"86":{"start":{"line":87,"column":0},"end":{"line":87,"column":16}},"87":{"start":{"line":88,"column":0},"end":{"line":88,"column":31}},"88":{"start":{"line":89,"column":0},"end":{"line":89,"column":92}},"89":{"start":{"line":90,"column":0},"end":{"line":90,"column":31}},"90":{"start":{"line":91,"column":0},"end":{"line":91,"column":40}},"91":{"start":{"line":92,"column":0},"end":{"line":92,"column":1}},"93":{"start":{"line":94,"column":0},"end":{"line":94,"column":52}},"94":{"start":{"line":95,"column":0},"end":{"line":95,"column":42}},"95":{"start":{"line":96,"column":0},"end":{"line":96,"column":1}},"99":{"start":{"line":100,"column":0},"end":{"line":100,"column":29}},"100":{"start":{"line":101,"column":0},"end":{"line":101,"column":14}},"101":{"start":{"line":102,"column":0},"end":{"line":102,"column":47}},"102":{"start":{"line":103,"column":0},"end":{"line":103,"column":66}},"103":{"start":{"line":104,"column":0},"end":{"line":104,"column":64}},"104":{"start":{"line":105,"column":0},"end":{"line":105,"column":33}},"105":{"start":{"line":106,"column":0},"end":{"line":106,"column":9}},"106":{"start":{"line":107,"column":0},"end":{"line":107,"column":67}},"107":{"start":{"line":108,"column":0},"end":{"line":108,"column":58}},"108":{"start":{"line":109,"column":0},"end":{"line":109,"column":7}},"109":{"start":{"line":110,"column":0},"end":{"line":110,"column":4}},"110":{"start":{"line":111,"column":0},"end":{"line":111,"column":1}},"112":{"start":{"line":113,"column":0},"end":{"line":113,"column":38}},"114":{"start":{"line":115,"column":0},"end":{"line":115,"column":65}},"115":{"start":{"line":116,"column":0},"end":{"line":116,"column":16}},"116":{"start":{"line":117,"column":0},"end":{"line":117,"column":1}},"120":{"start":{"line":121,"column":0},"end":{"line":121,"column":61}},"121":{"start":{"line":122,"column":0},"end":{"line":122,"column":69}},"124":{"start":{"line":125,"column":0},"end":{"line":125,"column":59}},"125":{"start":{"line":126,"column":0},"end":{"line":126,"column":31}},"126":{"start":{"line":127,"column":0},"end":{"line":127,"column":22}},"127":{"start":{"line":128,"column":0},"end":{"line":128,"column":61}},"128":{"start":{"line":129,"column":0},"end":{"line":129,"column":1}},"154":{"start":{"line":155,"column":0},"end":{"line":155,"column":55}},"155":{"start":{"line":156,"column":0},"end":{"line":156,"column":52}},"156":{"start":{"line":157,"column":0},"end":{"line":157,"column":54}},"157":{"start":{"line":158,"column":0},"end":{"line":158,"column":1}},"169":{"start":{"line":170,"column":0},"end":{"line":170,"column":32}},"170":{"start":{"line":171,"column":0},"end":{"line":171,"column":30}},"171":{"start":{"line":172,"column":0},"end":{"line":172,"column":27}},"172":{"start":{"line":173,"column":0},"end":{"line":173,"column":22}},"173":{"start":{"line":174,"column":0},"end":{"line":174,"column":18}},"174":{"start":{"line":175,"column":0},"end":{"line":175,"column":18}},"175":{"start":{"line":176,"column":0},"end":{"line":176,"column":44}},"176":{"start":{"line":177,"column":0},"end":{"line":177,"column":16}},"177":{"start":{"line":178,"column":0},"end":{"line":178,"column":16}},"178":{"start":{"line":179,"column":0},"end":{"line":179,"column":29}},"179":{"start":{"line":180,"column":0},"end":{"line":180,"column":46}},"180":{"start":{"line":181,"column":0},"end":{"line":181,"column":11}},"181":{"start":{"line":182,"column":0},"end":{"line":182,"column":34}},"182":{"start":{"line":183,"column":0},"end":{"line":183,"column":30}},"183":{"start":{"line":184,"column":0},"end":{"line":184,"column":21}},"184":{"start":{"line":185,"column":0},"end":{"line":185,"column":6}},"185":{"start":{"line":186,"column":0},"end":{"line":186,"column":12}},"186":{"start":{"line":187,"column":0},"end":{"line":187,"column":4}},"188":{"start":{"line":189,"column":0},"end":{"line":189,"column":37}},"189":{"start":{"line":190,"column":0},"end":{"line":190,"column":72}},"190":{"start":{"line":191,"column":0},"end":{"line":191,"column":5}},"191":{"start":{"line":192,"column":0},"end":{"line":192,"column":63}},"193":{"start":{"line":194,"column":0},"end":{"line":194,"column":76}},"194":{"start":{"line":195,"column":0},"end":{"line":195,"column":45}},"195":{"start":{"line":196,"column":0},"end":{"line":196,"column":1}},"197":{"start":{"line":198,"column":0},"end":{"line":198,"column":31}},"198":{"start":{"line":199,"column":0},"end":{"line":199,"column":15}},"199":{"start":{"line":200,"column":0},"end":{"line":200,"column":68}},"200":{"start":{"line":201,"column":0},"end":{"line":201,"column":68}},"201":{"start":{"line":202,"column":0},"end":{"line":202,"column":69}},"202":{"start":{"line":203,"column":0},"end":{"line":203,"column":70}},"203":{"start":{"line":204,"column":0},"end":{"line":204,"column":7}},"204":{"start":{"line":205,"column":0},"end":{"line":205,"column":51}},"205":{"start":{"line":206,"column":0},"end":{"line":206,"column":43}},"206":{"start":{"line":207,"column":0},"end":{"line":207,"column":7}},"207":{"start":{"line":208,"column":0},"end":{"line":208,"column":37}},"208":{"start":{"line":209,"column":0},"end":{"line":209,"column":41}},"209":{"start":{"line":210,"column":0},"end":{"line":210,"column":37}},"210":{"start":{"line":211,"column":0},"end":{"line":211,"column":77}},"211":{"start":{"line":212,"column":0},"end":{"line":212,"column":7}},"212":{"start":{"line":213,"column":0},"end":{"line":213,"column":57}},"213":{"start":{"line":214,"column":0},"end":{"line":214,"column":43}},"214":{"start":{"line":215,"column":0},"end":{"line":215,"column":7}},"215":{"start":{"line":216,"column":0},"end":{"line":216,"column":35}},"216":{"start":{"line":217,"column":0},"end":{"line":217,"column":43}},"217":{"start":{"line":218,"column":0},"end":{"line":218,"column":7}},"218":{"start":{"line":219,"column":0},"end":{"line":219,"column":79}},"219":{"start":{"line":220,"column":0},"end":{"line":220,"column":4}},"220":{"start":{"line":221,"column":0},"end":{"line":221,"column":30}},"221":{"start":{"line":222,"column":0},"end":{"line":222,"column":1}},"223":{"start":{"line":224,"column":0},"end":{"line":224,"column":53}},"224":{"start":{"line":225,"column":0},"end":{"line":225,"column":34}},"225":{"start":{"line":226,"column":0},"end":{"line":226,"column":1}},"227":{"start":{"line":228,"column":0},"end":{"line":228,"column":48}},"228":{"start":{"line":229,"column":0},"end":{"line":229,"column":55}},"229":{"start":{"line":230,"column":0},"end":{"line":230,"column":1}},"231":{"start":{"line":232,"column":0},"end":{"line":232,"column":41}},"232":{"start":{"line":233,"column":0},"end":{"line":233,"column":26}},"233":{"start":{"line":234,"column":0},"end":{"line":234,"column":48}},"234":{"start":{"line":235,"column":0},"end":{"line":235,"column":14}},"235":{"start":{"line":236,"column":0},"end":{"line":236,"column":1}},"262":{"start":{"line":263,"column":0},"end":{"line":263,"column":56}},"263":{"start":{"line":264,"column":0},"end":{"line":264,"column":10}},"264":{"start":{"line":265,"column":0},"end":{"line":265,"column":48}},"265":{"start":{"line":266,"column":0},"end":{"line":266,"column":36}},"266":{"start":{"line":267,"column":0},"end":{"line":267,"column":4}},"267":{"start":{"line":268,"column":0},"end":{"line":268,"column":1}},"274":{"start":{"line":275,"column":0},"end":{"line":275,"column":57}},"275":{"start":{"line":276,"column":0},"end":{"line":276,"column":37}},"276":{"start":{"line":277,"column":0},"end":{"line":277,"column":1}},"279":{"start":{"line":280,"column":0},"end":{"line":280,"column":31}},"280":{"start":{"line":281,"column":0},"end":{"line":281,"column":30}},"281":{"start":{"line":282,"column":0},"end":{"line":282,"column":7}},"282":{"start":{"line":283,"column":0},"end":{"line":283,"column":33}},"283":{"start":{"line":284,"column":0},"end":{"line":284,"column":11}},"285":{"start":{"line":286,"column":0},"end":{"line":286,"column":3}},"286":{"start":{"line":287,"column":0},"end":{"line":287,"column":1}},"289":{"start":{"line":290,"column":0},"end":{"line":290,"column":49}},"290":{"start":{"line":291,"column":0},"end":{"line":291,"column":32}},"291":{"start":{"line":292,"column":0},"end":{"line":292,"column":40}},"292":{"start":{"line":293,"column":0},"end":{"line":293,"column":24}},"293":{"start":{"line":294,"column":0},"end":{"line":294,"column":22}},"294":{"start":{"line":295,"column":0},"end":{"line":295,"column":11}},"295":{"start":{"line":296,"column":0},"end":{"line":296,"column":3}},"296":{"start":{"line":297,"column":0},"end":{"line":297,"column":17}},"297":{"start":{"line":298,"column":0},"end":{"line":298,"column":1}},"306":{"start":{"line":307,"column":0},"end":{"line":307,"column":54}},"307":{"start":{"line":308,"column":0},"end":{"line":308,"column":7}},"308":{"start":{"line":309,"column":0},"end":{"line":309,"column":57}},"309":{"start":{"line":310,"column":0},"end":{"line":310,"column":28}},"310":{"start":{"line":311,"column":0},"end":{"line":311,"column":65}},"311":{"start":{"line":312,"column":0},"end":{"line":312,"column":5}},"312":{"start":{"line":313,"column":0},"end":{"line":313,"column":30}},"313":{"start":{"line":314,"column":0},"end":{"line":314,"column":77}},"314":{"start":{"line":315,"column":0},"end":{"line":315,"column":5}},"315":{"start":{"line":316,"column":0},"end":{"line":316,"column":17}},"316":{"start":{"line":317,"column":0},"end":{"line":317,"column":15}},"317":{"start":{"line":318,"column":0},"end":{"line":318,"column":62}},"318":{"start":{"line":319,"column":0},"end":{"line":319,"column":71}},"319":{"start":{"line":320,"column":0},"end":{"line":320,"column":3}},"320":{"start":{"line":321,"column":0},"end":{"line":321,"column":1}},"329":{"start":{"line":330,"column":0},"end":{"line":330,"column":60}},"330":{"start":{"line":331,"column":0},"end":{"line":331,"column":31}},"331":{"start":{"line":332,"column":0},"end":{"line":332,"column":47}},"332":{"start":{"line":333,"column":0},"end":{"line":333,"column":41}},"333":{"start":{"line":334,"column":0},"end":{"line":334,"column":26}},"334":{"start":{"line":335,"column":0},"end":{"line":335,"column":26}},"335":{"start":{"line":336,"column":0},"end":{"line":336,"column":9}},"336":{"start":{"line":337,"column":0},"end":{"line":337,"column":60}},"337":{"start":{"line":338,"column":0},"end":{"line":338,"column":23}},"338":{"start":{"line":339,"column":0},"end":{"line":339,"column":13}},"340":{"start":{"line":341,"column":0},"end":{"line":341,"column":5}},"341":{"start":{"line":342,"column":0},"end":{"line":342,"column":3}},"342":{"start":{"line":343,"column":0},"end":{"line":343,"column":18}},"343":{"start":{"line":344,"column":0},"end":{"line":344,"column":85}},"344":{"start":{"line":345,"column":0},"end":{"line":345,"column":4}},"345":{"start":{"line":346,"column":0},"end":{"line":346,"column":1}},"354":{"start":{"line":355,"column":0},"end":{"line":355,"column":57}},"355":{"start":{"line":356,"column":0},"end":{"line":356,"column":29}},"356":{"start":{"line":357,"column":0},"end":{"line":357,"column":12}},"357":{"start":{"line":358,"column":0},"end":{"line":358,"column":27}},"358":{"start":{"line":359,"column":0},"end":{"line":359,"column":24}},"359":{"start":{"line":360,"column":0},"end":{"line":360,"column":27}},"360":{"start":{"line":361,"column":0},"end":{"line":361,"column":10}},"361":{"start":{"line":362,"column":0},"end":{"line":362,"column":15}},"362":{"start":{"line":363,"column":0},"end":{"line":363,"column":5}},"363":{"start":{"line":364,"column":0},"end":{"line":364,"column":18}},"364":{"start":{"line":365,"column":0},"end":{"line":365,"column":8}},"365":{"start":{"line":366,"column":0},"end":{"line":366,"column":29}},"366":{"start":{"line":367,"column":0},"end":{"line":367,"column":24}},"367":{"start":{"line":368,"column":0},"end":{"line":368,"column":55}},"368":{"start":{"line":369,"column":0},"end":{"line":369,"column":20}},"369":{"start":{"line":370,"column":0},"end":{"line":370,"column":14}},"370":{"start":{"line":371,"column":0},"end":{"line":371,"column":10}},"371":{"start":{"line":372,"column":0},"end":{"line":372,"column":5}},"372":{"start":{"line":373,"column":0},"end":{"line":373,"column":22}},"373":{"start":{"line":374,"column":0},"end":{"line":374,"column":22}},"374":{"start":{"line":375,"column":0},"end":{"line":375,"column":91}},"375":{"start":{"line":376,"column":0},"end":{"line":376,"column":8}},"376":{"start":{"line":377,"column":0},"end":{"line":377,"column":5}},"377":{"start":{"line":378,"column":0},"end":{"line":378,"column":3}},"378":{"start":{"line":379,"column":0},"end":{"line":379,"column":15}},"379":{"start":{"line":380,"column":0},"end":{"line":380,"column":1}},"383":{"start":{"line":384,"column":0},"end":{"line":384,"column":33}},"385":{"start":{"line":386,"column":0},"end":{"line":386,"column":28}},"392":{"start":{"line":393,"column":0},"end":{"line":393,"column":37}},"393":{"start":{"line":394,"column":0},"end":{"line":394,"column":48}},"394":{"start":{"line":395,"column":0},"end":{"line":395,"column":65}},"395":{"start":{"line":396,"column":0},"end":{"line":396,"column":37}},"396":{"start":{"line":397,"column":0},"end":{"line":397,"column":50}},"397":{"start":{"line":398,"column":0},"end":{"line":398,"column":1}},"400":{"start":{"line":401,"column":0},"end":{"line":401,"column":67}},"401":{"start":{"line":402,"column":0},"end":{"line":402,"column":46}},"402":{"start":{"line":403,"column":0},"end":{"line":403,"column":36}},"403":{"start":{"line":404,"column":0},"end":{"line":404,"column":71}},"404":{"start":{"line":405,"column":0},"end":{"line":405,"column":22}},"405":{"start":{"line":406,"column":0},"end":{"line":406,"column":11}},"406":{"start":{"line":407,"column":0},"end":{"line":407,"column":14}},"407":{"start":{"line":408,"column":0},"end":{"line":408,"column":28}},"408":{"start":{"line":409,"column":0},"end":{"line":409,"column":19}},"409":{"start":{"line":410,"column":0},"end":{"line":410,"column":8}},"410":{"start":{"line":411,"column":0},"end":{"line":411,"column":14}},"411":{"start":{"line":412,"column":0},"end":{"line":412,"column":28}},"412":{"start":{"line":413,"column":0},"end":{"line":413,"column":62}},"413":{"start":{"line":414,"column":0},"end":{"line":414,"column":8}},"414":{"start":{"line":415,"column":0},"end":{"line":415,"column":6}},"415":{"start":{"line":416,"column":0},"end":{"line":416,"column":5}},"416":{"start":{"line":417,"column":0},"end":{"line":417,"column":1}},"419":{"start":{"line":420,"column":0},"end":{"line":420,"column":47}},"420":{"start":{"line":421,"column":0},"end":{"line":421,"column":22}},"421":{"start":{"line":422,"column":0},"end":{"line":422,"column":44}},"422":{"start":{"line":423,"column":0},"end":{"line":423,"column":39}},"423":{"start":{"line":424,"column":0},"end":{"line":424,"column":52}},"424":{"start":{"line":425,"column":0},"end":{"line":425,"column":77}},"425":{"start":{"line":426,"column":0},"end":{"line":426,"column":7}},"426":{"start":{"line":427,"column":0},"end":{"line":427,"column":20}},"427":{"start":{"line":428,"column":0},"end":{"line":428,"column":4}},"428":{"start":{"line":429,"column":0},"end":{"line":429,"column":1}},"431":{"start":{"line":432,"column":0},"end":{"line":432,"column":57}},"432":{"start":{"line":433,"column":0},"end":{"line":433,"column":22}},"433":{"start":{"line":434,"column":0},"end":{"line":434,"column":47}},"434":{"start":{"line":435,"column":0},"end":{"line":435,"column":79}},"435":{"start":{"line":436,"column":0},"end":{"line":436,"column":52}},"436":{"start":{"line":437,"column":0},"end":{"line":437,"column":78}},"437":{"start":{"line":438,"column":0},"end":{"line":438,"column":7}},"438":{"start":{"line":439,"column":0},"end":{"line":439,"column":18}},"439":{"start":{"line":440,"column":0},"end":{"line":440,"column":4}},"440":{"start":{"line":441,"column":0},"end":{"line":441,"column":1}},"456":{"start":{"line":457,"column":0},"end":{"line":457,"column":70}},"457":{"start":{"line":458,"column":0},"end":{"line":458,"column":7}},"458":{"start":{"line":459,"column":0},"end":{"line":459,"column":46}},"459":{"start":{"line":460,"column":0},"end":{"line":460,"column":12}},"460":{"start":{"line":461,"column":0},"end":{"line":461,"column":24}},"461":{"start":{"line":462,"column":0},"end":{"line":462,"column":43}},"462":{"start":{"line":463,"column":0},"end":{"line":463,"column":22}},"463":{"start":{"line":464,"column":0},"end":{"line":464,"column":34}},"464":{"start":{"line":465,"column":0},"end":{"line":465,"column":6}},"465":{"start":{"line":466,"column":0},"end":{"line":466,"column":15}},"466":{"start":{"line":467,"column":0},"end":{"line":467,"column":62}},"467":{"start":{"line":468,"column":0},"end":{"line":468,"column":14}},"468":{"start":{"line":469,"column":0},"end":{"line":469,"column":13}},"469":{"start":{"line":470,"column":0},"end":{"line":470,"column":38}},"470":{"start":{"line":471,"column":0},"end":{"line":471,"column":23}},"471":{"start":{"line":472,"column":0},"end":{"line":472,"column":79}},"472":{"start":{"line":473,"column":0},"end":{"line":473,"column":8}},"473":{"start":{"line":474,"column":0},"end":{"line":474,"column":5}},"474":{"start":{"line":475,"column":0},"end":{"line":475,"column":12}},"475":{"start":{"line":476,"column":0},"end":{"line":476,"column":3}},"476":{"start":{"line":477,"column":0},"end":{"line":477,"column":1}},"482":{"start":{"line":483,"column":0},"end":{"line":483,"column":84}},"483":{"start":{"line":484,"column":0},"end":{"line":484,"column":32}},"484":{"start":{"line":485,"column":0},"end":{"line":485,"column":75}},"485":{"start":{"line":486,"column":0},"end":{"line":486,"column":7}},"486":{"start":{"line":487,"column":0},"end":{"line":487,"column":21}},"487":{"start":{"line":488,"column":0},"end":{"line":488,"column":46}},"488":{"start":{"line":489,"column":0},"end":{"line":489,"column":42}},"489":{"start":{"line":490,"column":0},"end":{"line":490,"column":74}},"490":{"start":{"line":491,"column":0},"end":{"line":491,"column":76}},"491":{"start":{"line":492,"column":0},"end":{"line":492,"column":5}},"492":{"start":{"line":493,"column":0},"end":{"line":493,"column":28}},"493":{"start":{"line":494,"column":0},"end":{"line":494,"column":13}},"494":{"start":{"line":495,"column":0},"end":{"line":495,"column":19}},"495":{"start":{"line":496,"column":0},"end":{"line":496,"column":3}},"496":{"start":{"line":497,"column":0},"end":{"line":497,"column":1}},"503":{"start":{"line":504,"column":0},"end":{"line":504,"column":86}},"504":{"start":{"line":505,"column":0},"end":{"line":505,"column":32}},"505":{"start":{"line":506,"column":0},"end":{"line":506,"column":75}},"506":{"start":{"line":507,"column":0},"end":{"line":507,"column":46}},"507":{"start":{"line":508,"column":0},"end":{"line":508,"column":7}},"508":{"start":{"line":509,"column":0},"end":{"line":509,"column":21}},"509":{"start":{"line":510,"column":0},"end":{"line":510,"column":66}},"510":{"start":{"line":511,"column":0},"end":{"line":511,"column":14}},"511":{"start":{"line":512,"column":0},"end":{"line":512,"column":34}},"512":{"start":{"line":513,"column":0},"end":{"line":513,"column":69}},"513":{"start":{"line":514,"column":0},"end":{"line":514,"column":7}},"514":{"start":{"line":515,"column":0},"end":{"line":515,"column":42}},"515":{"start":{"line":516,"column":0},"end":{"line":516,"column":79}},"516":{"start":{"line":517,"column":0},"end":{"line":517,"column":10}},"517":{"start":{"line":518,"column":0},"end":{"line":518,"column":48}},"518":{"start":{"line":519,"column":0},"end":{"line":519,"column":44}},"519":{"start":{"line":520,"column":0},"end":{"line":520,"column":9}},"520":{"start":{"line":521,"column":0},"end":{"line":521,"column":32}},"521":{"start":{"line":522,"column":0},"end":{"line":522,"column":7}},"523":{"start":{"line":524,"column":0},"end":{"line":524,"column":5}},"524":{"start":{"line":525,"column":0},"end":{"line":525,"column":13}},"525":{"start":{"line":526,"column":0},"end":{"line":526,"column":19}},"526":{"start":{"line":527,"column":0},"end":{"line":527,"column":3}},"527":{"start":{"line":528,"column":0},"end":{"line":528,"column":1}},"536":{"start":{"line":537,"column":0},"end":{"line":537,"column":35}},"537":{"start":{"line":538,"column":0},"end":{"line":538,"column":17}},"538":{"start":{"line":539,"column":0},"end":{"line":539,"column":68}},"539":{"start":{"line":540,"column":0},"end":{"line":540,"column":55}},"540":{"start":{"line":541,"column":0},"end":{"line":541,"column":52}},"541":{"start":{"line":542,"column":0},"end":{"line":542,"column":54}},"542":{"start":{"line":543,"column":0},"end":{"line":543,"column":3}},"543":{"start":{"line":544,"column":0},"end":{"line":544,"column":42}},"549":{"start":{"line":550,"column":0},"end":{"line":550,"column":10}},"550":{"start":{"line":551,"column":0},"end":{"line":551,"column":55}},"551":{"start":{"line":552,"column":0},"end":{"line":552,"column":10}},"552":{"start":{"line":553,"column":0},"end":{"line":553,"column":42}},"553":{"start":{"line":554,"column":0},"end":{"line":554,"column":30}},"554":{"start":{"line":555,"column":0},"end":{"line":555,"column":58}},"555":{"start":{"line":556,"column":0},"end":{"line":556,"column":6}},"556":{"start":{"line":557,"column":0},"end":{"line":557,"column":48}},"557":{"start":{"line":558,"column":0},"end":{"line":558,"column":4}},"558":{"start":{"line":559,"column":0},"end":{"line":559,"column":1}},"562":{"start":{"line":563,"column":0},"end":{"line":563,"column":27}},"563":{"start":{"line":564,"column":0},"end":{"line":564,"column":68}},"564":{"start":{"line":565,"column":0},"end":{"line":565,"column":18}},"565":{"start":{"line":566,"column":0},"end":{"line":566,"column":32}},"570":{"start":{"line":571,"column":0},"end":{"line":571,"column":24}},"571":{"start":{"line":572,"column":0},"end":{"line":572,"column":22}},"572":{"start":{"line":573,"column":0},"end":{"line":573,"column":35}},"573":{"start":{"line":574,"column":0},"end":{"line":574,"column":7}},"574":{"start":{"line":575,"column":0},"end":{"line":575,"column":32}},"575":{"start":{"line":576,"column":0},"end":{"line":576,"column":9}},"576":{"start":{"line":577,"column":0},"end":{"line":577,"column":31}},"577":{"start":{"line":578,"column":0},"end":{"line":578,"column":40}},"578":{"start":{"line":579,"column":0},"end":{"line":579,"column":39}},"579":{"start":{"line":580,"column":0},"end":{"line":580,"column":9}},"580":{"start":{"line":581,"column":0},"end":{"line":581,"column":15}},"581":{"start":{"line":582,"column":0},"end":{"line":582,"column":29}},"583":{"start":{"line":584,"column":0},"end":{"line":584,"column":49}},"584":{"start":{"line":585,"column":0},"end":{"line":585,"column":15}},"585":{"start":{"line":586,"column":0},"end":{"line":586,"column":74}},"586":{"start":{"line":587,"column":0},"end":{"line":587,"column":20}},"587":{"start":{"line":588,"column":0},"end":{"line":588,"column":3}},"590":{"start":{"line":591,"column":0},"end":{"line":591,"column":37}},"592":{"start":{"line":593,"column":0},"end":{"line":593,"column":16}},"593":{"start":{"line":594,"column":0},"end":{"line":594,"column":37}},"594":{"start":{"line":595,"column":0},"end":{"line":595,"column":67}},"595":{"start":{"line":596,"column":0},"end":{"line":596,"column":68}},"596":{"start":{"line":597,"column":0},"end":{"line":597,"column":37}},"599":{"start":{"line":600,"column":0},"end":{"line":600,"column":15}},"600":{"start":{"line":601,"column":0},"end":{"line":601,"column":45}},"601":{"start":{"line":602,"column":0},"end":{"line":602,"column":17}},"604":{"start":{"line":605,"column":0},"end":{"line":605,"column":56}},"605":{"start":{"line":606,"column":0},"end":{"line":606,"column":10}},"606":{"start":{"line":607,"column":0},"end":{"line":607,"column":70}},"609":{"start":{"line":610,"column":0},"end":{"line":610,"column":4}},"611":{"start":{"line":612,"column":0},"end":{"line":612,"column":22}},"612":{"start":{"line":613,"column":0},"end":{"line":613,"column":74}},"615":{"start":{"line":616,"column":0},"end":{"line":616,"column":68}},"617":{"start":{"line":618,"column":0},"end":{"line":618,"column":51}},"618":{"start":{"line":619,"column":0},"end":{"line":619,"column":32}},"619":{"start":{"line":620,"column":0},"end":{"line":620,"column":29}},"620":{"start":{"line":621,"column":0},"end":{"line":621,"column":71}},"621":{"start":{"line":622,"column":0},"end":{"line":622,"column":12}},"622":{"start":{"line":623,"column":0},"end":{"line":623,"column":7}},"623":{"start":{"line":624,"column":0},"end":{"line":624,"column":25}},"624":{"start":{"line":625,"column":0},"end":{"line":625,"column":53}},"625":{"start":{"line":626,"column":0},"end":{"line":626,"column":6}},"626":{"start":{"line":627,"column":0},"end":{"line":627,"column":6}},"628":{"start":{"line":629,"column":0},"end":{"line":629,"column":34}},"629":{"start":{"line":630,"column":0},"end":{"line":630,"column":56}},"630":{"start":{"line":631,"column":0},"end":{"line":631,"column":68}},"631":{"start":{"line":632,"column":0},"end":{"line":632,"column":9}},"632":{"start":{"line":633,"column":0},"end":{"line":633,"column":73}},"633":{"start":{"line":634,"column":0},"end":{"line":634,"column":9}},"634":{"start":{"line":635,"column":0},"end":{"line":635,"column":52}},"635":{"start":{"line":636,"column":0},"end":{"line":636,"column":54}},"636":{"start":{"line":637,"column":0},"end":{"line":637,"column":48}},"637":{"start":{"line":638,"column":0},"end":{"line":638,"column":8}},"638":{"start":{"line":639,"column":0},"end":{"line":639,"column":3}},"641":{"start":{"line":642,"column":0},"end":{"line":642,"column":23}},"642":{"start":{"line":643,"column":0},"end":{"line":643,"column":49}},"644":{"start":{"line":645,"column":0},"end":{"line":645,"column":16}},"645":{"start":{"line":646,"column":0},"end":{"line":646,"column":44}},"646":{"start":{"line":647,"column":0},"end":{"line":647,"column":80}},"647":{"start":{"line":648,"column":0},"end":{"line":648,"column":55}},"648":{"start":{"line":649,"column":0},"end":{"line":649,"column":62}},"649":{"start":{"line":650,"column":0},"end":{"line":650,"column":53}},"650":{"start":{"line":651,"column":0},"end":{"line":651,"column":6}},"653":{"start":{"line":654,"column":0},"end":{"line":654,"column":53}},"654":{"start":{"line":655,"column":0},"end":{"line":655,"column":10}},"655":{"start":{"line":656,"column":0},"end":{"line":656,"column":72}},"658":{"start":{"line":659,"column":0},"end":{"line":659,"column":4}},"660":{"start":{"line":661,"column":0},"end":{"line":661,"column":73}},"661":{"start":{"line":662,"column":0},"end":{"line":662,"column":49}},"662":{"start":{"line":663,"column":0},"end":{"line":663,"column":48}},"663":{"start":{"line":664,"column":0},"end":{"line":664,"column":4}},"665":{"start":{"line":666,"column":0},"end":{"line":666,"column":46}},"666":{"start":{"line":667,"column":0},"end":{"line":667,"column":66}},"667":{"start":{"line":668,"column":0},"end":{"line":668,"column":67}},"668":{"start":{"line":669,"column":0},"end":{"line":669,"column":62}},"669":{"start":{"line":670,"column":0},"end":{"line":670,"column":67}},"670":{"start":{"line":671,"column":0},"end":{"line":671,"column":7}},"671":{"start":{"line":672,"column":0},"end":{"line":672,"column":54}},"672":{"start":{"line":673,"column":0},"end":{"line":673,"column":33}},"673":{"start":{"line":674,"column":0},"end":{"line":674,"column":6}},"678":{"start":{"line":679,"column":0},"end":{"line":679,"column":40}},"679":{"start":{"line":680,"column":0},"end":{"line":680,"column":38}},"680":{"start":{"line":681,"column":0},"end":{"line":681,"column":11}},"681":{"start":{"line":682,"column":0},"end":{"line":682,"column":74}},"682":{"start":{"line":683,"column":0},"end":{"line":683,"column":4}},"683":{"start":{"line":684,"column":0},"end":{"line":684,"column":49}},"684":{"start":{"line":685,"column":0},"end":{"line":685,"column":36}},"685":{"start":{"line":686,"column":0},"end":{"line":686,"column":14}},"686":{"start":{"line":687,"column":0},"end":{"line":687,"column":30}},"687":{"start":{"line":688,"column":0},"end":{"line":688,"column":34}},"688":{"start":{"line":689,"column":0},"end":{"line":689,"column":12}},"689":{"start":{"line":690,"column":0},"end":{"line":690,"column":20}},"690":{"start":{"line":691,"column":0},"end":{"line":691,"column":54}},"691":{"start":{"line":692,"column":0},"end":{"line":692,"column":34}},"692":{"start":{"line":693,"column":0},"end":{"line":693,"column":22}},"693":{"start":{"line":694,"column":0},"end":{"line":694,"column":50}},"694":{"start":{"line":695,"column":0},"end":{"line":695,"column":7}},"695":{"start":{"line":696,"column":0},"end":{"line":696,"column":4}},"696":{"start":{"line":697,"column":0},"end":{"line":697,"column":16}},"697":{"start":{"line":698,"column":0},"end":{"line":698,"column":67}},"698":{"start":{"line":699,"column":0},"end":{"line":699,"column":46}},"699":{"start":{"line":700,"column":0},"end":{"line":700,"column":72}},"700":{"start":{"line":701,"column":0},"end":{"line":701,"column":71}},"701":{"start":{"line":702,"column":0},"end":{"line":702,"column":86}},"704":{"start":{"line":705,"column":0},"end":{"line":705,"column":16}},"705":{"start":{"line":706,"column":0},"end":{"line":706,"column":14}},"706":{"start":{"line":707,"column":0},"end":{"line":707,"column":60}},"707":{"start":{"line":708,"column":0},"end":{"line":708,"column":9}},"708":{"start":{"line":709,"column":0},"end":{"line":709,"column":52}},"709":{"start":{"line":710,"column":0},"end":{"line":710,"column":60}},"710":{"start":{"line":711,"column":0},"end":{"line":711,"column":50}},"711":{"start":{"line":712,"column":0},"end":{"line":712,"column":9}},"712":{"start":{"line":713,"column":0},"end":{"line":713,"column":57}},"713":{"start":{"line":714,"column":0},"end":{"line":714,"column":60}},"714":{"start":{"line":715,"column":0},"end":{"line":715,"column":57}},"715":{"start":{"line":716,"column":0},"end":{"line":716,"column":60}},"716":{"start":{"line":717,"column":0},"end":{"line":717,"column":9}},"717":{"start":{"line":718,"column":0},"end":{"line":718,"column":45}},"718":{"start":{"line":719,"column":0},"end":{"line":719,"column":49}},"719":{"start":{"line":720,"column":0},"end":{"line":720,"column":9}},"720":{"start":{"line":721,"column":0},"end":{"line":721,"column":61}},"721":{"start":{"line":722,"column":0},"end":{"line":722,"column":59}},"722":{"start":{"line":723,"column":0},"end":{"line":723,"column":62}},"723":{"start":{"line":724,"column":0},"end":{"line":724,"column":57}},"724":{"start":{"line":725,"column":0},"end":{"line":725,"column":9}},"725":{"start":{"line":726,"column":0},"end":{"line":726,"column":65}},"726":{"start":{"line":727,"column":0},"end":{"line":727,"column":62}},"727":{"start":{"line":728,"column":0},"end":{"line":728,"column":64}},"728":{"start":{"line":729,"column":0},"end":{"line":729,"column":9}},"729":{"start":{"line":730,"column":0},"end":{"line":730,"column":62}},"730":{"start":{"line":731,"column":0},"end":{"line":731,"column":63}},"731":{"start":{"line":732,"column":0},"end":{"line":732,"column":63}},"732":{"start":{"line":733,"column":0},"end":{"line":733,"column":7}},"733":{"start":{"line":734,"column":0},"end":{"line":734,"column":4}},"737":{"start":{"line":738,"column":0},"end":{"line":738,"column":65}},"738":{"start":{"line":739,"column":0},"end":{"line":739,"column":10}},"739":{"start":{"line":740,"column":0},"end":{"line":740,"column":62}},"742":{"start":{"line":743,"column":0},"end":{"line":743,"column":4}},"747":{"start":{"line":748,"column":0},"end":{"line":748,"column":24}},"748":{"start":{"line":749,"column":0},"end":{"line":749,"column":22}},"749":{"start":{"line":750,"column":0},"end":{"line":750,"column":42}},"750":{"start":{"line":751,"column":0},"end":{"line":751,"column":63}},"751":{"start":{"line":752,"column":0},"end":{"line":752,"column":16}},"752":{"start":{"line":753,"column":0},"end":{"line":753,"column":9}},"753":{"start":{"line":754,"column":0},"end":{"line":754,"column":58}},"754":{"start":{"line":755,"column":0},"end":{"line":755,"column":11}},"756":{"start":{"line":757,"column":0},"end":{"line":757,"column":20}},"757":{"start":{"line":758,"column":0},"end":{"line":758,"column":24}},"758":{"start":{"line":759,"column":0},"end":{"line":759,"column":60}},"759":{"start":{"line":760,"column":0},"end":{"line":760,"column":58}},"760":{"start":{"line":761,"column":0},"end":{"line":761,"column":100}},"761":{"start":{"line":762,"column":0},"end":{"line":762,"column":13}},"762":{"start":{"line":763,"column":0},"end":{"line":763,"column":10}},"763":{"start":{"line":764,"column":0},"end":{"line":764,"column":20}},"764":{"start":{"line":765,"column":0},"end":{"line":765,"column":74}},"765":{"start":{"line":766,"column":0},"end":{"line":766,"column":69}},"766":{"start":{"line":767,"column":0},"end":{"line":767,"column":10}},"767":{"start":{"line":768,"column":0},"end":{"line":768,"column":64}},"768":{"start":{"line":769,"column":0},"end":{"line":769,"column":20}},"769":{"start":{"line":770,"column":0},"end":{"line":770,"column":103}},"770":{"start":{"line":771,"column":0},"end":{"line":771,"column":10}},"771":{"start":{"line":772,"column":0},"end":{"line":772,"column":71}},"772":{"start":{"line":773,"column":0},"end":{"line":773,"column":83}},"773":{"start":{"line":774,"column":0},"end":{"line":774,"column":55}},"774":{"start":{"line":775,"column":0},"end":{"line":775,"column":20}},"775":{"start":{"line":776,"column":0},"end":{"line":776,"column":114}},"776":{"start":{"line":777,"column":0},"end":{"line":777,"column":10}},"777":{"start":{"line":778,"column":0},"end":{"line":778,"column":35}},"778":{"start":{"line":779,"column":0},"end":{"line":779,"column":33}},"779":{"start":{"line":780,"column":0},"end":{"line":780,"column":41}},"780":{"start":{"line":781,"column":0},"end":{"line":781,"column":94}},"781":{"start":{"line":782,"column":0},"end":{"line":782,"column":17}},"782":{"start":{"line":783,"column":0},"end":{"line":783,"column":30}},"783":{"start":{"line":784,"column":0},"end":{"line":784,"column":7}},"784":{"start":{"line":785,"column":0},"end":{"line":785,"column":13}},"786":{"start":{"line":787,"column":0},"end":{"line":787,"column":57}},"787":{"start":{"line":788,"column":0},"end":{"line":788,"column":5}},"788":{"start":{"line":789,"column":0},"end":{"line":789,"column":3}},"790":{"start":{"line":791,"column":0},"end":{"line":791,"column":55}},"791":{"start":{"line":792,"column":0},"end":{"line":792,"column":48}},"792":{"start":{"line":793,"column":0},"end":{"line":793,"column":4}},"794":{"start":{"line":795,"column":0},"end":{"line":795,"column":42}},"795":{"start":{"line":796,"column":0},"end":{"line":796,"column":41}},"796":{"start":{"line":797,"column":0},"end":{"line":797,"column":56}},"797":{"start":{"line":798,"column":0},"end":{"line":798,"column":42}},"798":{"start":{"line":799,"column":0},"end":{"line":799,"column":7}},"799":{"start":{"line":800,"column":0},"end":{"line":800,"column":12}},"800":{"start":{"line":801,"column":0},"end":{"line":801,"column":38}},"801":{"start":{"line":802,"column":0},"end":{"line":802,"column":7}},"802":{"start":{"line":803,"column":0},"end":{"line":803,"column":50}},"803":{"start":{"line":804,"column":0},"end":{"line":804,"column":53}},"804":{"start":{"line":805,"column":0},"end":{"line":805,"column":52}},"805":{"start":{"line":806,"column":0},"end":{"line":806,"column":6}},"809":{"start":{"line":810,"column":0},"end":{"line":810,"column":42}},"810":{"start":{"line":811,"column":0},"end":{"line":811,"column":11}},"811":{"start":{"line":812,"column":0},"end":{"line":812,"column":44}},"812":{"start":{"line":813,"column":0},"end":{"line":813,"column":28}},"813":{"start":{"line":814,"column":0},"end":{"line":814,"column":34}},"814":{"start":{"line":815,"column":0},"end":{"line":815,"column":19}},"815":{"start":{"line":816,"column":0},"end":{"line":816,"column":15}},"816":{"start":{"line":817,"column":0},"end":{"line":817,"column":7}},"817":{"start":{"line":818,"column":0},"end":{"line":818,"column":4}},"818":{"start":{"line":819,"column":0},"end":{"line":819,"column":63}},"819":{"start":{"line":820,"column":0},"end":{"line":820,"column":58}},"820":{"start":{"line":821,"column":0},"end":{"line":821,"column":86}},"821":{"start":{"line":822,"column":0},"end":{"line":822,"column":7}},"822":{"start":{"line":823,"column":0},"end":{"line":823,"column":54}},"823":{"start":{"line":824,"column":0},"end":{"line":824,"column":53}},"824":{"start":{"line":825,"column":0},"end":{"line":825,"column":53}},"825":{"start":{"line":826,"column":0},"end":{"line":826,"column":6}},"828":{"start":{"line":829,"column":0},"end":{"line":829,"column":62}},"829":{"start":{"line":830,"column":0},"end":{"line":830,"column":10}},"830":{"start":{"line":831,"column":0},"end":{"line":831,"column":68}},"833":{"start":{"line":834,"column":0},"end":{"line":834,"column":4}},"836":{"start":{"line":837,"column":0},"end":{"line":837,"column":66}},"837":{"start":{"line":838,"column":0},"end":{"line":838,"column":61}},"839":{"start":{"line":840,"column":0},"end":{"line":840,"column":22}},"840":{"start":{"line":841,"column":0},"end":{"line":841,"column":45}},"841":{"start":{"line":842,"column":0},"end":{"line":842,"column":79}},"843":{"start":{"line":844,"column":0},"end":{"line":844,"column":49}},"844":{"start":{"line":845,"column":0},"end":{"line":845,"column":53}},"845":{"start":{"line":846,"column":0},"end":{"line":846,"column":55}},"846":{"start":{"line":847,"column":0},"end":{"line":847,"column":61}},"847":{"start":{"line":848,"column":0},"end":{"line":848,"column":7}},"848":{"start":{"line":849,"column":0},"end":{"line":849,"column":54}},"849":{"start":{"line":850,"column":0},"end":{"line":850,"column":49}},"850":{"start":{"line":851,"column":0},"end":{"line":851,"column":34}},"851":{"start":{"line":852,"column":0},"end":{"line":852,"column":6}},"854":{"start":{"line":855,"column":0},"end":{"line":855,"column":23}},"855":{"start":{"line":856,"column":0},"end":{"line":856,"column":79}},"856":{"start":{"line":857,"column":0},"end":{"line":857,"column":27}},"857":{"start":{"line":858,"column":0},"end":{"line":858,"column":49}},"859":{"start":{"line":860,"column":0},"end":{"line":860,"column":59}},"860":{"start":{"line":861,"column":0},"end":{"line":861,"column":56}},"861":{"start":{"line":862,"column":0},"end":{"line":862,"column":72}},"862":{"start":{"line":863,"column":0},"end":{"line":863,"column":7}},"863":{"start":{"line":864,"column":0},"end":{"line":864,"column":49}},"864":{"start":{"line":865,"column":0},"end":{"line":865,"column":49}},"865":{"start":{"line":866,"column":0},"end":{"line":866,"column":28}},"866":{"start":{"line":867,"column":0},"end":{"line":867,"column":6}},"869":{"start":{"line":870,"column":0},"end":{"line":870,"column":38}},"870":{"start":{"line":871,"column":0},"end":{"line":871,"column":10}},"871":{"start":{"line":872,"column":0},"end":{"line":872,"column":67}},"874":{"start":{"line":875,"column":0},"end":{"line":875,"column":4}},"878":{"start":{"line":879,"column":0},"end":{"line":879,"column":37}},"879":{"start":{"line":880,"column":0},"end":{"line":880,"column":71}},"880":{"start":{"line":881,"column":0},"end":{"line":881,"column":57}},"883":{"start":{"line":884,"column":0},"end":{"line":884,"column":64}},"884":{"start":{"line":885,"column":0},"end":{"line":885,"column":59}},"887":{"start":{"line":888,"column":0},"end":{"line":888,"column":38}},"888":{"start":{"line":889,"column":0},"end":{"line":889,"column":11}},"889":{"start":{"line":890,"column":0},"end":{"line":890,"column":16}},"890":{"start":{"line":891,"column":0},"end":{"line":891,"column":52}},"891":{"start":{"line":892,"column":0},"end":{"line":892,"column":32}},"892":{"start":{"line":893,"column":0},"end":{"line":893,"column":6}},"893":{"start":{"line":894,"column":0},"end":{"line":894,"column":4}},"894":{"start":{"line":895,"column":0},"end":{"line":895,"column":64}},"897":{"start":{"line":898,"column":0},"end":{"line":898,"column":46}},"898":{"start":{"line":899,"column":0},"end":{"line":899,"column":11}},"899":{"start":{"line":900,"column":0},"end":{"line":900,"column":45}},"900":{"start":{"line":901,"column":0},"end":{"line":901,"column":4}},"901":{"start":{"line":902,"column":0},"end":{"line":902,"column":76}},"903":{"start":{"line":904,"column":0},"end":{"line":904,"column":28}},"904":{"start":{"line":905,"column":0},"end":{"line":905,"column":67}},"905":{"start":{"line":906,"column":0},"end":{"line":906,"column":28}},"907":{"start":{"line":908,"column":0},"end":{"line":908,"column":19}},"909":{"start":{"line":910,"column":0},"end":{"line":910,"column":83}},"910":{"start":{"line":911,"column":0},"end":{"line":911,"column":10}},"911":{"start":{"line":912,"column":0},"end":{"line":912,"column":45}},"912":{"start":{"line":913,"column":0},"end":{"line":913,"column":66}},"913":{"start":{"line":914,"column":0},"end":{"line":914,"column":69}},"914":{"start":{"line":915,"column":0},"end":{"line":915,"column":34}},"915":{"start":{"line":916,"column":0},"end":{"line":916,"column":8}},"917":{"start":{"line":918,"column":0},"end":{"line":918,"column":45}},"918":{"start":{"line":919,"column":0},"end":{"line":919,"column":61}},"919":{"start":{"line":920,"column":0},"end":{"line":920,"column":48}},"920":{"start":{"line":921,"column":0},"end":{"line":921,"column":28}},"921":{"start":{"line":922,"column":0},"end":{"line":922,"column":8}},"923":{"start":{"line":924,"column":0},"end":{"line":924,"column":46}},"924":{"start":{"line":925,"column":0},"end":{"line":925,"column":63}},"925":{"start":{"line":926,"column":0},"end":{"line":926,"column":49}},"926":{"start":{"line":927,"column":0},"end":{"line":927,"column":45}},"927":{"start":{"line":928,"column":0},"end":{"line":928,"column":8}},"929":{"start":{"line":930,"column":0},"end":{"line":930,"column":59}},"930":{"start":{"line":931,"column":0},"end":{"line":931,"column":68}},"931":{"start":{"line":932,"column":0},"end":{"line":932,"column":51}},"932":{"start":{"line":933,"column":0},"end":{"line":933,"column":50}},"933":{"start":{"line":934,"column":0},"end":{"line":934,"column":29}},"934":{"start":{"line":935,"column":0},"end":{"line":935,"column":8}},"935":{"start":{"line":936,"column":0},"end":{"line":936,"column":3}},"938":{"start":{"line":939,"column":0},"end":{"line":939,"column":27}},"940":{"start":{"line":941,"column":0},"end":{"line":941,"column":17}},"941":{"start":{"line":942,"column":0},"end":{"line":942,"column":14}},"942":{"start":{"line":943,"column":0},"end":{"line":943,"column":16}},"943":{"start":{"line":944,"column":0},"end":{"line":944,"column":19}},"944":{"start":{"line":945,"column":0},"end":{"line":945,"column":24}},"945":{"start":{"line":946,"column":0},"end":{"line":946,"column":22}},"946":{"start":{"line":947,"column":0},"end":{"line":947,"column":25}},"947":{"start":{"line":948,"column":0},"end":{"line":948,"column":26}},"948":{"start":{"line":949,"column":0},"end":{"line":949,"column":28}},"950":{"start":{"line":951,"column":0},"end":{"line":951,"column":33}},"951":{"start":{"line":952,"column":0},"end":{"line":952,"column":47}},"952":{"start":{"line":953,"column":0},"end":{"line":953,"column":71}},"953":{"start":{"line":954,"column":0},"end":{"line":954,"column":75}},"954":{"start":{"line":955,"column":0},"end":{"line":955,"column":49}},"955":{"start":{"line":956,"column":0},"end":{"line":956,"column":59}},"956":{"start":{"line":957,"column":0},"end":{"line":957,"column":61}},"957":{"start":{"line":958,"column":0},"end":{"line":958,"column":66}},"958":{"start":{"line":959,"column":0},"end":{"line":959,"column":7}},"959":{"start":{"line":960,"column":0},"end":{"line":960,"column":49}},"960":{"start":{"line":961,"column":0},"end":{"line":961,"column":7}},"961":{"start":{"line":962,"column":0},"end":{"line":962,"column":77}},"962":{"start":{"line":963,"column":0},"end":{"line":963,"column":52}},"963":{"start":{"line":964,"column":0},"end":{"line":964,"column":41}},"964":{"start":{"line":965,"column":0},"end":{"line":965,"column":6}},"966":{"start":{"line":967,"column":0},"end":{"line":967,"column":16}},"967":{"start":{"line":968,"column":0},"end":{"line":968,"column":32}},"968":{"start":{"line":969,"column":0},"end":{"line":969,"column":16}},"969":{"start":{"line":970,"column":0},"end":{"line":970,"column":1}},"972":{"start":{"line":973,"column":0},"end":{"line":973,"column":87}},"974":{"start":{"line":975,"column":0},"end":{"line":975,"column":53}},"975":{"start":{"line":976,"column":0},"end":{"line":976,"column":74}},"976":{"start":{"line":977,"column":0},"end":{"line":977,"column":20}},"977":{"start":{"line":978,"column":0},"end":{"line":978,"column":5}},"978":{"start":{"line":979,"column":0},"end":{"line":979,"column":1}}},"s":{"0":0,"70":0,"72":0,"73":0,"74":0,"75":0,"76":0,"77":0,"78":0,"79":0,"80":0,"82":0,"83":0,"84":0,"85":0,"86":0,"87":0,"88":0,"89":0,"90":0,"91":0,"93":0,"94":0,"95":0,"99":0,"100":0,"101":0,"102":0,"103":0,"104":0,"105":0,"106":0,"107":0,"108":0,"109":0,"110":0,"112":0,"114":0,"115":0,"116":0,"120":0,"121":0,"124":0,"125":0,"126":0,"127":0,"128":0,"154":0,"155":0,"156":0,"157":0,"169":0,"170":0,"171":0,"172":0,"173":0,"174":0,"175":0,"176":0,"177":0,"178":0,"179":0,"180":0,"181":0,"182":0,"183":0,"184":0,"185":0,"186":0,"188":0,"189":0,"190":0,"191":0,"193":0,"194":0,"195":0,"197":0,"198":0,"199":0,"200":0,"201":0,"202":0,"203":0,"204":0,"205":0,"206":0,"207":0,"208":0,"209":0,"210":0,"211":0,"212":0,"213":0,"214":0,"215":0,"216":0,"217":0,"218":0,"219":0,"220":0,"221":0,"223":0,"224":0,"225":0,"227":0,"228":0,"229":0,"231":0,"232":0,"233":0,"234":0,"235":0,"262":0,"263":0,"264":0,"265":0,"266":0,"267":0,"274":0,"275":0,"276":0,"279":0,"280":0,"281":0,"282":0,"283":0,"285":0,"286":0,"289":0,"290":0,"291":0,"292":0,"293":0,"294":0,"295":0,"296":0,"297":0,"306":0,"307":0,"308":0,"309":0,"310":0,"311":0,"312":0,"313":0,"314":0,"315":0,"316":0,"317":0,"318":0,"319":0,"320":0,"329":0,"330":0,"331":0,"332":0,"333":0,"334":0,"335":0,"336":0,"337":0,"338":0,"340":0,"341":0,"342":0,"343":0,"344":0,"345":0,"354":0,"355":0,"356":0,"357":0,"358":0,"359":0,"360":0,"361":0,"362":0,"363":0,"364":0,"365":0,"366":0,"367":0,"368":0,"369":0,"370":0,"371":0,"372":0,"373":0,"374":0,"375":0,"376":0,"377":0,"378":0,"379":0,"383":0,"385":0,"392":0,"393":0,"394":0,"395":0,"396":0,"397":0,"400":0,"401":0,"402":0,"403":0,"404":0,"405":0,"406":0,"407":0,"408":0,"409":0,"410":0,"411":0,"412":0,"413":0,"414":0,"415":0,"416":0,"419":0,"420":0,"421":0,"422":0,"423":0,"424":0,"425":0,"426":0,"427":0,"428":0,"431":0,"432":0,"433":0,"434":0,"435":0,"436":0,"437":0,"438":0,"439":0,"440":0,"456":0,"457":0,"458":0,"459":0,"460":0,"461":0,"462":0,"463":0,"464":0,"465":0,"466":0,"467":0,"468":0,"469":0,"470":0,"471":0,"472":0,"473":0,"474":0,"475":0,"476":0,"482":0,"483":0,"484":0,"485":0,"486":0,"487":0,"488":0,"489":0,"490":0,"491":0,"492":0,"493":0,"494":0,"495":0,"496":0,"503":0,"504":0,"505":0,"506":0,"507":0,"508":0,"509":0,"510":0,"511":0,"512":0,"513":0,"514":0,"515":0,"516":0,"517":0,"518":0,"519":0,"520":0,"521":0,"523":0,"524":0,"525":0,"526":0,"527":0,"536":0,"537":0,"538":0,"539":0,"540":0,"541":0,"542":0,"543":0,"549":0,"550":0,"551":0,"552":0,"553":0,"554":0,"555":0,"556":0,"557":0,"558":0,"562":0,"563":0,"564":0,"565":0,"570":0,"571":0,"572":0,"573":0,"574":0,"575":0,"576":0,"577":0,"578":0,"579":0,"580":0,"581":0,"583":0,"584":0,"585":0,"586":0,"587":0,"590":0,"592":0,"593":0,"594":0,"595":0,"596":0,"599":0,"600":0,"601":0,"604":0,"605":0,"606":0,"609":0,"611":0,"612":0,"615":0,"617":0,"618":0,"619":0,"620":0,"621":0,"622":0,"623":0,"624":0,"625":0,"626":0,"628":0,"629":0,"630":0,"631":0,"632":0,"633":0,"634":0,"635":0,"636":0,"637":0,"638":0,"641":0,"642":0,"644":0,"645":0,"646":0,"647":0,"648":0,"649":0,"650":0,"653":0,"654":0,"655":0,"658":0,"660":0,"661":0,"662":0,"663":0,"665":0,"666":0,"667":0,"668":0,"669":0,"670":0,"671":0,"672":0,"673":0,"678":0,"679":0,"680":0,"681":0,"682":0,"683":0,"684":0,"685":0,"686":0,"687":0,"688":0,"689":0,"690":0,"691":0,"692":0,"693":0,"694":0,"695":0,"696":0,"697":0,"698":0,"699":0,"700":0,"701":0,"704":0,"705":0,"706":0,"707":0,"708":0,"709":0,"710":0,"711":0,"712":0,"713":0,"714":0,"715":0,"716":0,"717":0,"718":0,"719":0,"720":0,"721":0,"722":0,"723":0,"724":0,"725":0,"726":0,"727":0,"728":0,"729":0,"730":0,"731":0,"732":0,"733":0,"737":0,"738":0,"739":0,"742":0,"747":0,"748":0,"749":0,"750":0,"751":0,"752":0,"753":0,"754":0,"756":0,"757":0,"758":0,"759":0,"760":0,"761":0,"762":0,"763":0,"764":0,"765":0,"766":0,"767":0,"768":0,"769":0,"770":0,"771":0,"772":0,"773":0,"774":0,"775":0,"776":0,"777":0,"778":0,"779":0,"780":0,"781":0,"782":0,"783":0,"784":0,"786":0,"787":0,"788":0,"790":0,"791":0,"792":0,"794":0,"795":0,"796":0,"797":0,"798":0,"799":0,"800":0,"801":0,"802":0,"803":0,"804":0,"805":0,"809":0,"810":0,"811":0,"812":0,"813":0,"814":0,"815":0,"816":0,"817":0,"818":0,"819":0,"820":0,"821":0,"822":0,"823":0,"824":0,"825":0,"828":0,"829":0,"830":0,"833":0,"836":0,"837":0,"839":0,"840":0,"841":0,"843":0,"844":0,"845":0,"846":0,"847":0,"848":0,"849":0,"850":0,"851":0,"854":0,"855":0,"856":0,"857":0,"859":0,"860":0,"861":0,"862":0,"863":0,"864":0,"865":0,"866":0,"869":0,"870":0,"871":0,"874":0,"878":0,"879":0,"880":0,"883":0,"884":0,"887":0,"888":0,"889":0,"890":0,"891":0,"892":0,"893":0,"894":0,"897":0,"898":0,"899":0,"900":0,"901":0,"903":0,"904":0,"905":0,"907":0,"909":0,"910":0,"911":0,"912":0,"913":0,"914":0,"915":0,"917":0,"918":0,"919":0,"920":0,"921":0,"923":0,"924":0,"925":0,"926":0,"927":0,"929":0,"930":0,"931":0,"932":0,"933":0,"934":0,"935":0,"938":0,"940":0,"941":0,"942":0,"943":0,"944":0,"945":0,"946":0,"947":0,"948":0,"950":0,"951":0,"952":0,"953":0,"954":0,"955":0,"956":0,"957":0,"958":0,"959":0,"960":0,"961":0,"962":0,"963":0,"964":0,"966":0,"967":0,"968":0,"969":0,"972":0,"974":0,"975":0,"976":0,"977":0,"978":0},"branchMap":{"0":{"type":"branch","line":1,"loc":{"start":{"line":1,"column":34872},"end":{"line":979,"column":1}},"locations":[{"start":{"line":1,"column":34872},"end":{"line":979,"column":1}}]}},"b":{"0":[0]},"fnMap":{"0":{"name":"(empty-report)","decl":{"start":{"line":1,"column":34872},"end":{"line":979,"column":1}},"loc":{"start":{"line":1,"column":34872},"end":{"line":979,"column":1}},"line":1}},"f":{"0":0}}
,"/home/c03rad0r/.hermes/kanban/boards/bitblik-hardening/workspaces/t_6ed355ab/blik/demo/trust-proof/src/lsag.ts": {"path":"/home/c03rad0r/.hermes/kanban/boards/bitblik-hardening/workspaces/t_6ed355ab/blik/demo/trust-proof/src/lsag.ts","all":false,"statementMap":{"0":{"start":{"line":1,"column":0},"end":{"line":1,"column":3}},"33":{"start":{"line":34,"column":0},"end":{"line":34,"column":28}},"34":{"start":{"line":35,"column":0},"end":{"line":35,"column":55}},"35":{"start":{"line":36,"column":0},"end":{"line":36,"column":23}},"38":{"start":{"line":39,"column":0},"end":{"line":39,"column":47}},"39":{"start":{"line":40,"column":0},"end":{"line":40,"column":78}},"40":{"start":{"line":41,"column":0},"end":{"line":41,"column":1}},"43":{"start":{"line":44,"column":0},"end":{"line":44,"column":59}},"44":{"start":{"line":45,"column":0},"end":{"line":45,"column":71}},"45":{"start":{"line":46,"column":0},"end":{"line":46,"column":14}},"46":{"start":{"line":47,"column":0},"end":{"line":47,"column":27}},"47":{"start":{"line":48,"column":0},"end":{"line":48,"column":20}},"48":{"start":{"line":49,"column":0},"end":{"line":49,"column":20}},"49":{"start":{"line":50,"column":0},"end":{"line":50,"column":3}},"50":{"start":{"line":51,"column":0},"end":{"line":51,"column":13}},"51":{"start":{"line":52,"column":0},"end":{"line":52,"column":1}},"57":{"start":{"line":58,"column":0},"end":{"line":58,"column":55}},"58":{"start":{"line":59,"column":0},"end":{"line":59,"column":68}},"59":{"start":{"line":60,"column":0},"end":{"line":60,"column":27}},"60":{"start":{"line":61,"column":0},"end":{"line":61,"column":34}},"61":{"start":{"line":62,"column":0},"end":{"line":62,"column":60}},"62":{"start":{"line":63,"column":0},"end":{"line":63,"column":24}},"63":{"start":{"line":64,"column":0},"end":{"line":64,"column":3}},"64":{"start":{"line":65,"column":0},"end":{"line":65,"column":70}},"65":{"start":{"line":66,"column":0},"end":{"line":66,"column":1}},"68":{"start":{"line":69,"column":0},"end":{"line":69,"column":34}},"69":{"start":{"line":70,"column":0},"end":{"line":70,"column":28}},"70":{"start":{"line":71,"column":0},"end":{"line":71,"column":40}},"71":{"start":{"line":72,"column":0},"end":{"line":72,"column":1}},"77":{"start":{"line":78,"column":0},"end":{"line":78,"column":60}},"78":{"start":{"line":79,"column":0},"end":{"line":79,"column":38}},"79":{"start":{"line":80,"column":0},"end":{"line":80,"column":34}},"80":{"start":{"line":81,"column":0},"end":{"line":81,"column":58}},"81":{"start":{"line":82,"column":0},"end":{"line":82,"column":26}},"82":{"start":{"line":83,"column":0},"end":{"line":83,"column":68}},"83":{"start":{"line":84,"column":0},"end":{"line":84,"column":6}},"84":{"start":{"line":85,"column":0},"end":{"line":85,"column":41}},"85":{"start":{"line":86,"column":0},"end":{"line":86,"column":42}},"86":{"start":{"line":87,"column":0},"end":{"line":87,"column":61}},"87":{"start":{"line":88,"column":0},"end":{"line":88,"column":9}},"88":{"start":{"line":89,"column":0},"end":{"line":89,"column":43}},"89":{"start":{"line":90,"column":0},"end":{"line":90,"column":25}},"90":{"start":{"line":91,"column":0},"end":{"line":91,"column":25}},"91":{"start":{"line":92,"column":0},"end":{"line":92,"column":13}},"93":{"start":{"line":94,"column":0},"end":{"line":94,"column":5}},"94":{"start":{"line":95,"column":0},"end":{"line":95,"column":3}},"95":{"start":{"line":96,"column":0},"end":{"line":96,"column":1}},"103":{"start":{"line":104,"column":0},"end":{"line":104,"column":44}},"104":{"start":{"line":105,"column":0},"end":{"line":105,"column":54}},"105":{"start":{"line":106,"column":0},"end":{"line":106,"column":60}},"106":{"start":{"line":107,"column":0},"end":{"line":107,"column":34}},"107":{"start":{"line":108,"column":0},"end":{"line":108,"column":1}},"127":{"start":{"line":128,"column":0},"end":{"line":128,"column":23}},"128":{"start":{"line":129,"column":0},"end":{"line":129,"column":22}},"129":{"start":{"line":130,"column":0},"end":{"line":130,"column":12}},"130":{"start":{"line":131,"column":0},"end":{"line":131,"column":12}},"131":{"start":{"line":132,"column":0},"end":{"line":132,"column":17}},"132":{"start":{"line":133,"column":0},"end":{"line":133,"column":17}},"133":{"start":{"line":134,"column":0},"end":{"line":134,"column":16}},"134":{"start":{"line":135,"column":0},"end":{"line":135,"column":11}},"135":{"start":{"line":136,"column":0},"end":{"line":136,"column":73}},"136":{"start":{"line":137,"column":0},"end":{"line":137,"column":81}},"137":{"start":{"line":138,"column":0},"end":{"line":138,"column":59}},"138":{"start":{"line":139,"column":0},"end":{"line":139,"column":1}},"148":{"start":{"line":149,"column":0},"end":{"line":149,"column":21}},"149":{"start":{"line":150,"column":0},"end":{"line":150,"column":22}},"150":{"start":{"line":151,"column":0},"end":{"line":151,"column":21}},"151":{"start":{"line":152,"column":0},"end":{"line":152,"column":22}},"152":{"start":{"line":153,"column":0},"end":{"line":153,"column":24}},"153":{"start":{"line":154,"column":0},"end":{"line":154,"column":18}},"154":{"start":{"line":155,"column":0},"end":{"line":155,"column":79}},"155":{"start":{"line":156,"column":0},"end":{"line":156,"column":52}},"156":{"start":{"line":157,"column":0},"end":{"line":157,"column":48}},"158":{"start":{"line":159,"column":0},"end":{"line":159,"column":24}},"159":{"start":{"line":160,"column":0},"end":{"line":160,"column":24}},"160":{"start":{"line":161,"column":0},"end":{"line":161,"column":55}},"163":{"start":{"line":164,"column":0},"end":{"line":164,"column":46}},"166":{"start":{"line":167,"column":0},"end":{"line":167,"column":58}},"169":{"start":{"line":170,"column":0},"end":{"line":170,"column":43}},"170":{"start":{"line":171,"column":0},"end":{"line":171,"column":31}},"171":{"start":{"line":172,"column":0},"end":{"line":172,"column":84}},"172":{"start":{"line":173,"column":0},"end":{"line":173,"column":3}},"173":{"start":{"line":174,"column":0},"end":{"line":174,"column":34}},"177":{"start":{"line":178,"column":0},"end":{"line":178,"column":44}},"180":{"start":{"line":181,"column":0},"end":{"line":181,"column":23}},"181":{"start":{"line":182,"column":0},"end":{"line":182,"column":12}},"182":{"start":{"line":183,"column":0},"end":{"line":183,"column":46}},"183":{"start":{"line":184,"column":0},"end":{"line":184,"column":57}},"184":{"start":{"line":185,"column":0},"end":{"line":185,"column":4}},"185":{"start":{"line":186,"column":0},"end":{"line":186,"column":30}},"187":{"start":{"line":188,"column":0},"end":{"line":188,"column":40}},"188":{"start":{"line":189,"column":0},"end":{"line":189,"column":29}},"189":{"start":{"line":190,"column":0},"end":{"line":190,"column":66}},"190":{"start":{"line":191,"column":0},"end":{"line":191,"column":32}},"191":{"start":{"line":192,"column":0},"end":{"line":192,"column":3}},"197":{"start":{"line":198,"column":0},"end":{"line":198,"column":16}},"198":{"start":{"line":199,"column":0},"end":{"line":199,"column":46}},"200":{"start":{"line":201,"column":0},"end":{"line":201,"column":10}},"201":{"start":{"line":202,"column":0},"end":{"line":202,"column":16}},"202":{"start":{"line":203,"column":0},"end":{"line":203,"column":37}},"203":{"start":{"line":204,"column":0},"end":{"line":204,"column":54}},"204":{"start":{"line":205,"column":0},"end":{"line":205,"column":4}},"205":{"start":{"line":206,"column":0},"end":{"line":206,"column":1}},"210":{"start":{"line":211,"column":0},"end":{"line":211,"column":23}},"211":{"start":{"line":212,"column":0},"end":{"line":212,"column":22}},"212":{"start":{"line":213,"column":0},"end":{"line":213,"column":21}},"213":{"start":{"line":214,"column":0},"end":{"line":214,"column":21}},"214":{"start":{"line":215,"column":0},"end":{"line":215,"column":12}},"215":{"start":{"line":216,"column":0},"end":{"line":216,"column":24}},"216":{"start":{"line":217,"column":0},"end":{"line":217,"column":28}},"217":{"start":{"line":218,"column":0},"end":{"line":218,"column":47}},"220":{"start":{"line":221,"column":0},"end":{"line":221,"column":44}},"221":{"start":{"line":222,"column":0},"end":{"line":222,"column":7}},"222":{"start":{"line":223,"column":0},"end":{"line":223,"column":38}},"223":{"start":{"line":224,"column":0},"end":{"line":224,"column":23}},"224":{"start":{"line":225,"column":0},"end":{"line":225,"column":11}},"225":{"start":{"line":226,"column":0},"end":{"line":226,"column":17}},"226":{"start":{"line":227,"column":0},"end":{"line":227,"column":3}},"227":{"start":{"line":228,"column":0},"end":{"line":228,"column":39}},"230":{"start":{"line":231,"column":0},"end":{"line":231,"column":29}},"231":{"start":{"line":232,"column":0},"end":{"line":232,"column":31}},"232":{"start":{"line":233,"column":0},"end":{"line":233,"column":9}},"233":{"start":{"line":234,"column":0},"end":{"line":234,"column":48}},"234":{"start":{"line":235,"column":0},"end":{"line":235,"column":35}},"235":{"start":{"line":236,"column":0},"end":{"line":236,"column":13}},"236":{"start":{"line":237,"column":0},"end":{"line":237,"column":19}},"237":{"start":{"line":238,"column":0},"end":{"line":238,"column":5}},"238":{"start":{"line":239,"column":0},"end":{"line":239,"column":3}},"240":{"start":{"line":241,"column":0},"end":{"line":241,"column":48}},"241":{"start":{"line":242,"column":0},"end":{"line":242,"column":31}},"242":{"start":{"line":243,"column":0},"end":{"line":243,"column":62}},"243":{"start":{"line":244,"column":0},"end":{"line":244,"column":9}},"244":{"start":{"line":245,"column":0},"end":{"line":245,"column":68}},"245":{"start":{"line":246,"column":0},"end":{"line":246,"column":13}},"246":{"start":{"line":247,"column":0},"end":{"line":247,"column":19}},"247":{"start":{"line":248,"column":0},"end":{"line":248,"column":5}},"248":{"start":{"line":249,"column":0},"end":{"line":249,"column":3}},"249":{"start":{"line":250,"column":0},"end":{"line":250,"column":55}},"250":{"start":{"line":251,"column":0},"end":{"line":251,"column":1}}},"s":{"0":1,"33":1,"34":1,"35":1,"38":85,"39":85,"40":85,"43":317,"44":317,"45":317,"46":317,"47":1371,"48":1371,"49":1371,"50":317,"51":317,"57":105,"58":105,"59":105,"60":315,"61":315,"62":315,"63":315,"64":105,"65":105,"68":19,"69":19,"70":19,"71":19,"77":1,"78":114,"79":212,"80":212,"81":212,"82":212,"83":212,"84":212,"85":212,"86":212,"87":212,"88":212,"89":212,"90":212,"91":212,"93":98,"94":212,"95":0,"103":1,"104":48,"105":48,"106":48,"107":48,"127":87,"128":87,"129":87,"130":87,"131":87,"132":87,"133":87,"134":87,"135":87,"136":87,"137":87,"138":87,"148":1,"149":19,"150":19,"151":19,"152":19,"153":19,"154":19,"155":19,"156":19,"158":19,"159":19,"160":19,"163":19,"166":19,"169":19,"170":19,"171":66,"172":66,"173":19,"177":19,"180":19,"181":19,"182":19,"183":19,"184":19,"185":19,"187":19,"188":47,"189":47,"190":47,"191":47,"197":19,"198":19,"200":19,"201":19,"202":19,"203":19,"204":19,"205":19,"210":1,"211":11,"212":11,"213":11,"214":11,"215":11,"216":11,"217":11,"220":11,"221":11,"222":11,"223":11,"224":11,"225":0,"226":0,"227":11,"230":11,"231":11,"232":42,"233":42,"234":42,"235":42,"236":0,"237":0,"238":42,"240":11,"241":11,"242":40,"243":40,"244":40,"245":40,"246":1,"247":1,"248":40,"249":10,"250":10},"branchMap":{"0":{"type":"branch","line":39,"loc":{"start":{"line":39,"column":0},"end":{"line":41,"column":1}},"locations":[{"start":{"line":39,"column":0},"end":{"line":41,"column":1}}]},"1":{"type":"branch","line":44,"loc":{"start":{"line":44,"column":0},"end":{"line":52,"column":1}},"locations":[{"start":{"line":44,"column":0},"end":{"line":52,"column":1}}]},"2":{"type":"branch","line":47,"loc":{"start":{"line":47,"column":26},"end":{"line":50,"column":3}},"locations":[{"start":{"line":47,"column":26},"end":{"line":50,"column":3}}]},"3":{"type":"branch","line":45,"loc":{"start":{"line":45,"column":43},"end":{"line":45,"column":67}},"locations":[{"start":{"line":45,"column":43},"end":{"line":45,"column":67}}]},"4":{"type":"branch","line":58,"loc":{"start":{"line":58,"column":0},"end":{"line":66,"column":1}},"locations":[{"start":{"line":58,"column":0},"end":{"line":66,"column":1}}]},"5":{"type":"branch","line":60,"loc":{"start":{"line":60,"column":26},"end":{"line":64,"column":3}},"locations":[{"start":{"line":60,"column":26},"end":{"line":64,"column":3}}]},"6":{"type":"branch","line":69,"loc":{"start":{"line":69,"column":0},"end":{"line":72,"column":1}},"locations":[{"start":{"line":69,"column":0},"end":{"line":72,"column":1}}]},"7":{"type":"branch","line":71,"loc":{"start":{"line":71,"column":24},"end":{"line":71,"column":40}},"locations":[{"start":{"line":71,"column":24},"end":{"line":71,"column":40}}]},"8":{"type":"branch","line":78,"loc":{"start":{"line":78,"column":7},"end":{"line":96,"column":1}},"locations":[{"start":{"line":78,"column":7},"end":{"line":96,"column":1}}]},"9":{"type":"branch","line":79,"loc":{"start":{"line":79,"column":37},"end":{"line":95,"column":3}},"locations":[{"start":{"line":79,"column":37},"end":{"line":95,"column":3}}]},"10":{"type":"branch","line":87,"loc":{"start":{"line":87,"column":45},"end":{"line":87,"column":56}},"locations":[{"start":{"line":87,"column":45},"end":{"line":87,"column":56}}]},"11":{"type":"branch","line":87,"loc":{"start":{"line":87,"column":49},"end":{"line":87,"column":61}},"locations":[{"start":{"line":87,"column":49},"end":{"line":87,"column":61}}]},"12":{"type":"branch","line":92,"loc":{"start":{"line":92,"column":4},"end":{"line":94,"column":5}},"locations":[{"start":{"line":92,"column":4},"end":{"line":94,"column":5}}]},"13":{"type":"branch","line":95,"loc":{"start":{"line":95,"column":2},"end":{"line":96,"column":1}},"locations":[{"start":{"line":95,"column":2},"end":{"line":96,"column":1}}]},"14":{"type":"branch","line":104,"loc":{"start":{"line":104,"column":7},"end":{"line":108,"column":1}},"locations":[{"start":{"line":104,"column":7},"end":{"line":108,"column":1}}]},"15":{"type":"branch","line":128,"loc":{"start":{"line":128,"column":0},"end":{"line":139,"column":1}},"locations":[{"start":{"line":128,"column":0},"end":{"line":139,"column":1}}]},"16":{"type":"branch","line":149,"loc":{"start":{"line":149,"column":7},"end":{"line":206,"column":1}},"locations":[{"start":{"line":149,"column":7},"end":{"line":206,"column":1}}]},"17":{"type":"branch","line":155,"loc":{"start":{"line":155,"column":25},"end":{"line":155,"column":79}},"locations":[{"start":{"line":155,"column":25},"end":{"line":155,"column":79}}]},"18":{"type":"branch","line":157,"loc":{"start":{"line":157,"column":4},"end":{"line":157,"column":48}},"locations":[{"start":{"line":157,"column":4},"end":{"line":157,"column":48}}]},"19":{"type":"branch","line":171,"loc":{"start":{"line":171,"column":30},"end":{"line":173,"column":3}},"locations":[{"start":{"line":171,"column":30},"end":{"line":173,"column":3}}]},"20":{"type":"branch","line":188,"loc":{"start":{"line":188,"column":39},"end":{"line":192,"column":3}},"locations":[{"start":{"line":188,"column":39},"end":{"line":192,"column":3}}]},"21":{"type":"branch","line":164,"loc":{"start":{"line":164,"column":21},"end":{"line":164,"column":44}},"locations":[{"start":{"line":164,"column":21},"end":{"line":164,"column":44}}]},"22":{"type":"branch","line":204,"loc":{"start":{"line":204,"column":29},"end":{"line":204,"column":52}},"locations":[{"start":{"line":204,"column":29},"end":{"line":204,"column":52}}]},"23":{"type":"branch","line":211,"loc":{"start":{"line":211,"column":7},"end":{"line":251,"column":1}},"locations":[{"start":{"line":211,"column":7},"end":{"line":251,"column":1}}]},"24":{"type":"branch","line":217,"loc":{"start":{"line":217,"column":15},"end":{"line":217,"column":28}},"locations":[{"start":{"line":217,"column":15},"end":{"line":217,"column":28}}]},"25":{"type":"branch","line":218,"loc":{"start":{"line":218,"column":34},"end":{"line":218,"column":47}},"locations":[{"start":{"line":218,"column":34},"end":{"line":218,"column":47}}]},"26":{"type":"branch","line":225,"loc":{"start":{"line":225,"column":2},"end":{"line":227,"column":3}},"locations":[{"start":{"line":225,"column":2},"end":{"line":227,"column":3}}]},"27":{"type":"branch","line":228,"loc":{"start":{"line":228,"column":14},"end":{"line":228,"column":26}},"locations":[{"start":{"line":228,"column":14},"end":{"line":228,"column":26}}]},"28":{"type":"branch","line":228,"loc":{"start":{"line":228,"column":26},"end":{"line":228,"column":39}},"locations":[{"start":{"line":228,"column":26},"end":{"line":228,"column":39}}]},"29":{"type":"branch","line":232,"loc":{"start":{"line":232,"column":30},"end":{"line":239,"column":3}},"locations":[{"start":{"line":232,"column":30},"end":{"line":239,"column":3}}]},"30":{"type":"branch","line":236,"loc":{"start":{"line":236,"column":4},"end":{"line":238,"column":5}},"locations":[{"start":{"line":236,"column":4},"end":{"line":238,"column":5}}]},"31":{"type":"branch","line":242,"loc":{"start":{"line":242,"column":30},"end":{"line":249,"column":3}},"locations":[{"start":{"line":242,"column":30},"end":{"line":249,"column":3}}]},"32":{"type":"branch","line":246,"loc":{"start":{"line":246,"column":4},"end":{"line":248,"column":5}},"locations":[{"start":{"line":246,"column":4},"end":{"line":248,"column":5}}]},"33":{"type":"branch","line":249,"loc":{"start":{"line":249,"column":2},"end":{"line":251,"column":1}},"locations":[{"start":{"line":249,"column":2},"end":{"line":251,"column":1}}]}},"b":{"0":[85],"1":[317],"2":[1371],"3":[1371],"4":[105],"5":[315],"6":[19],"7":[0],"8":[114],"9":[212],"10":[105],"11":[107],"12":[98],"13":[0],"14":[48],"15":[87],"16":[19],"17":[0],"18":[0],"19":[66],"20":[47],"21":[66],"22":[66],"23":[11],"24":[0],"25":[0],"26":[0],"27":[0],"28":[0],"29":[42],"30":[0],"31":[40],"32":[1],"33":[10]},"fnMap":{"0":{"name":"scalarToBytes","decl":{"start":{"line":39,"column":0},"end":{"line":41,"column":1}},"loc":{"start":{"line":39,"column":0},"end":{"line":41,"column":1}},"line":39},"1":{"name":"concatBytes","decl":{"start":{"line":44,"column":0},"end":{"line":52,"column":1}},"loc":{"start":{"line":44,"column":0},"end":{"line":52,"column":1}},"line":44},"2":{"name":"hashToScalar","decl":{"start":{"line":58,"column":0},"end":{"line":66,"column":1}},"loc":{"start":{"line":58,"column":0},"end":{"line":66,"column":1}},"line":58},"3":{"name":"modN","decl":{"start":{"line":69,"column":0},"end":{"line":72,"column":1}},"loc":{"start":{"line":69,"column":0},"end":{"line":72,"column":1}},"line":69},"4":{"name":"hashToCurve","decl":{"start":{"line":78,"column":7},"end":{"line":96,"column":1}},"loc":{"start":{"line":78,"column":7},"end":{"line":96,"column":1}},"line":78},"5":{"name":"generateKeyPair","decl":{"start":{"line":104,"column":7},"end":{"line":108,"column":1}},"loc":{"start":{"line":104,"column":7},"end":{"line":108,"column":1}},"line":104},"6":{"name":"linkChallenge","decl":{"start":{"line":128,"column":0},"end":{"line":139,"column":1}},"loc":{"start":{"line":128,"column":0},"end":{"line":139,"column":1}},"line":128},"7":{"name":"sign","decl":{"start":{"line":149,"column":7},"end":{"line":206,"column":1}},"loc":{"start":{"line":149,"column":7},"end":{"line":206,"column":1}},"line":149},"8":{"name":"verify","decl":{"start":{"line":211,"column":7},"end":{"line":251,"column":1}},"loc":{"start":{"line":211,"column":7},"end":{"line":251,"column":1}},"line":211}},"f":{"0":85,"1":317,"2":105,"3":19,"4":114,"5":48,"6":87,"7":19,"8":11}}
,"/home/c03rad0r/.hermes/kanban/boards/bitblik-hardening/workspaces/t_6ed355ab/blik/demo/trust-proof/src/preflight.ts": {"path":"/home/c03rad0r/.hermes/kanban/boards/bitblik-hardening/workspaces/t_6ed355ab/blik/demo/trust-proof/src/preflight.ts","all":true,"statementMap":{"0":{"start":{"line":1,"column":0},"end":{"line":1,"column":3}},"31":{"start":{"line":32,"column":0},"end":{"line":32,"column":31}},"33":{"start":{"line":34,"column":0},"end":{"line":34,"column":30}},"46":{"start":{"line":47,"column":0},"end":{"line":47,"column":74}},"47":{"start":{"line":48,"column":0},"end":{"line":48,"column":46}},"48":{"start":{"line":49,"column":0},"end":{"line":49,"column":29}},"49":{"start":{"line":50,"column":0},"end":{"line":50,"column":91}},"50":{"start":{"line":51,"column":0},"end":{"line":51,"column":23}},"51":{"start":{"line":52,"column":0},"end":{"line":52,"column":6}},"52":{"start":{"line":53,"column":0},"end":{"line":53,"column":11}},"53":{"start":{"line":54,"column":0},"end":{"line":54,"column":14}},"54":{"start":{"line":55,"column":0},"end":{"line":55,"column":28}},"55":{"start":{"line":56,"column":0},"end":{"line":56,"column":19}},"56":{"start":{"line":57,"column":0},"end":{"line":57,"column":8}},"57":{"start":{"line":58,"column":0},"end":{"line":58,"column":14}},"58":{"start":{"line":59,"column":0},"end":{"line":59,"column":28}},"59":{"start":{"line":60,"column":0},"end":{"line":60,"column":62}},"60":{"start":{"line":61,"column":0},"end":{"line":61,"column":8}},"61":{"start":{"line":62,"column":0},"end":{"line":62,"column":6}},"62":{"start":{"line":63,"column":0},"end":{"line":63,"column":5}},"63":{"start":{"line":64,"column":0},"end":{"line":64,"column":1}},"65":{"start":{"line":66,"column":0},"end":{"line":66,"column":47}},"66":{"start":{"line":67,"column":0},"end":{"line":67,"column":14}},"67":{"start":{"line":68,"column":0},"end":{"line":68,"column":44}},"68":{"start":{"line":69,"column":0},"end":{"line":69,"column":39}},"69":{"start":{"line":70,"column":0},"end":{"line":70,"column":52}},"70":{"start":{"line":71,"column":0},"end":{"line":71,"column":77}},"71":{"start":{"line":72,"column":0},"end":{"line":72,"column":7}},"72":{"start":{"line":73,"column":0},"end":{"line":73,"column":20}},"73":{"start":{"line":74,"column":0},"end":{"line":74,"column":35}},"74":{"start":{"line":75,"column":0},"end":{"line":75,"column":4}},"75":{"start":{"line":76,"column":0},"end":{"line":76,"column":1}},"89":{"start":{"line":90,"column":0},"end":{"line":90,"column":85}},"90":{"start":{"line":91,"column":0},"end":{"line":91,"column":30}},"91":{"start":{"line":92,"column":0},"end":{"line":92,"column":36}},"92":{"start":{"line":93,"column":0},"end":{"line":93,"column":39}},"93":{"start":{"line":94,"column":0},"end":{"line":94,"column":21}},"94":{"start":{"line":95,"column":0},"end":{"line":95,"column":9}},"95":{"start":{"line":96,"column":0},"end":{"line":96,"column":37}},"96":{"start":{"line":97,"column":0},"end":{"line":97,"column":13}},"97":{"start":{"line":98,"column":0},"end":{"line":98,"column":56}},"98":{"start":{"line":99,"column":0},"end":{"line":99,"column":5}},"99":{"start":{"line":100,"column":0},"end":{"line":100,"column":30}},"100":{"start":{"line":101,"column":0},"end":{"line":101,"column":40}},"101":{"start":{"line":102,"column":0},"end":{"line":102,"column":25}},"102":{"start":{"line":103,"column":0},"end":{"line":103,"column":5}},"103":{"start":{"line":104,"column":0},"end":{"line":104,"column":39}},"104":{"start":{"line":105,"column":0},"end":{"line":105,"column":58}},"105":{"start":{"line":106,"column":0},"end":{"line":106,"column":4}},"106":{"start":{"line":107,"column":0},"end":{"line":107,"column":73}},"107":{"start":{"line":108,"column":0},"end":{"line":108,"column":47}},"109":{"start":{"line":110,"column":0},"end":{"line":110,"column":10}},"110":{"start":{"line":111,"column":0},"end":{"line":111,"column":43}},"111":{"start":{"line":112,"column":0},"end":{"line":112,"column":66}},"112":{"start":{"line":113,"column":0},"end":{"line":113,"column":18}},"113":{"start":{"line":114,"column":0},"end":{"line":114,"column":85}},"114":{"start":{"line":115,"column":0},"end":{"line":115,"column":14}},"115":{"start":{"line":116,"column":0},"end":{"line":116,"column":25}},"116":{"start":{"line":117,"column":0},"end":{"line":117,"column":8}},"117":{"start":{"line":118,"column":0},"end":{"line":118,"column":6}},"118":{"start":{"line":119,"column":0},"end":{"line":119,"column":4}},"119":{"start":{"line":120,"column":0},"end":{"line":120,"column":1}},"125":{"start":{"line":126,"column":0},"end":{"line":126,"column":64}},"126":{"start":{"line":127,"column":0},"end":{"line":127,"column":31}},"129":{"start":{"line":130,"column":0},"end":{"line":130,"column":73}},"130":{"start":{"line":131,"column":0},"end":{"line":131,"column":44}},"131":{"start":{"line":132,"column":0},"end":{"line":132,"column":43}},"132":{"start":{"line":133,"column":0},"end":{"line":133,"column":58}},"133":{"start":{"line":134,"column":0},"end":{"line":134,"column":4}},"134":{"start":{"line":135,"column":0},"end":{"line":135,"column":60}},"135":{"start":{"line":136,"column":0},"end":{"line":136,"column":40}},"136":{"start":{"line":137,"column":0},"end":{"line":137,"column":74}},"137":{"start":{"line":138,"column":0},"end":{"line":138,"column":3}},"140":{"start":{"line":141,"column":0},"end":{"line":141,"column":40}},"141":{"start":{"line":142,"column":0},"end":{"line":142,"column":36}},"142":{"start":{"line":143,"column":0},"end":{"line":143,"column":14}},"143":{"start":{"line":144,"column":0},"end":{"line":144,"column":37}},"144":{"start":{"line":145,"column":0},"end":{"line":145,"column":29}},"145":{"start":{"line":146,"column":0},"end":{"line":146,"column":35}},"146":{"start":{"line":147,"column":0},"end":{"line":147,"column":20}},"147":{"start":{"line":148,"column":0},"end":{"line":148,"column":65}},"148":{"start":{"line":149,"column":0},"end":{"line":149,"column":45}},"149":{"start":{"line":150,"column":0},"end":{"line":150,"column":33}},"150":{"start":{"line":151,"column":0},"end":{"line":151,"column":61}},"151":{"start":{"line":152,"column":0},"end":{"line":152,"column":7}},"152":{"start":{"line":153,"column":0},"end":{"line":153,"column":4}},"155":{"start":{"line":156,"column":0},"end":{"line":156,"column":46}},"156":{"start":{"line":157,"column":0},"end":{"line":157,"column":59}},"157":{"start":{"line":158,"column":0},"end":{"line":158,"column":69}},"158":{"start":{"line":159,"column":0},"end":{"line":159,"column":35}},"159":{"start":{"line":160,"column":0},"end":{"line":160,"column":7}},"160":{"start":{"line":161,"column":0},"end":{"line":161,"column":21}},"163":{"start":{"line":164,"column":0},"end":{"line":164,"column":46}},"164":{"start":{"line":165,"column":0},"end":{"line":165,"column":50}},"165":{"start":{"line":166,"column":0},"end":{"line":166,"column":8}},"166":{"start":{"line":167,"column":0},"end":{"line":167,"column":78}},"167":{"start":{"line":168,"column":0},"end":{"line":168,"column":29}},"168":{"start":{"line":169,"column":0},"end":{"line":169,"column":7}},"169":{"start":{"line":170,"column":0},"end":{"line":170,"column":86}},"170":{"start":{"line":171,"column":0},"end":{"line":171,"column":5}},"173":{"start":{"line":174,"column":0},"end":{"line":174,"column":87}},"174":{"start":{"line":175,"column":0},"end":{"line":175,"column":46}},"175":{"start":{"line":176,"column":0},"end":{"line":176,"column":70}},"176":{"start":{"line":177,"column":0},"end":{"line":177,"column":34}},"177":{"start":{"line":178,"column":0},"end":{"line":178,"column":18}},"178":{"start":{"line":179,"column":0},"end":{"line":179,"column":63}},"179":{"start":{"line":180,"column":0},"end":{"line":180,"column":89}},"180":{"start":{"line":181,"column":0},"end":{"line":181,"column":5}},"181":{"start":{"line":182,"column":0},"end":{"line":182,"column":49}},"182":{"start":{"line":183,"column":0},"end":{"line":183,"column":95}},"183":{"start":{"line":184,"column":0},"end":{"line":184,"column":82}},"184":{"start":{"line":185,"column":0},"end":{"line":185,"column":5}},"187":{"start":{"line":188,"column":0},"end":{"line":188,"column":46}},"188":{"start":{"line":189,"column":0},"end":{"line":189,"column":68}},"189":{"start":{"line":190,"column":0},"end":{"line":190,"column":5}},"190":{"start":{"line":191,"column":0},"end":{"line":191,"column":73}},"191":{"start":{"line":192,"column":0},"end":{"line":192,"column":69}},"192":{"start":{"line":193,"column":0},"end":{"line":193,"column":5}},"193":{"start":{"line":194,"column":0},"end":{"line":194,"column":51}},"194":{"start":{"line":195,"column":0},"end":{"line":195,"column":65}},"195":{"start":{"line":196,"column":0},"end":{"line":196,"column":75}},"196":{"start":{"line":197,"column":0},"end":{"line":197,"column":5}},"197":{"start":{"line":198,"column":0},"end":{"line":198,"column":13}},"198":{"start":{"line":199,"column":0},"end":{"line":199,"column":19}},"199":{"start":{"line":200,"column":0},"end":{"line":200,"column":24}},"200":{"start":{"line":201,"column":0},"end":{"line":201,"column":3}},"202":{"start":{"line":203,"column":0},"end":{"line":203,"column":10}},"203":{"start":{"line":204,"column":0},"end":{"line":204,"column":13}},"204":{"start":{"line":205,"column":0},"end":{"line":205,"column":31}},"205":{"start":{"line":206,"column":0},"end":{"line":206,"column":21}},"206":{"start":{"line":207,"column":0},"end":{"line":207,"column":22}},"207":{"start":{"line":208,"column":0},"end":{"line":208,"column":4}},"208":{"start":{"line":209,"column":0},"end":{"line":209,"column":1}},"212":{"start":{"line":213,"column":0},"end":{"line":213,"column":87}},"213":{"start":{"line":214,"column":0},"end":{"line":214,"column":37}},"214":{"start":{"line":215,"column":0},"end":{"line":215,"column":85}},"215":{"start":{"line":216,"column":0},"end":{"line":216,"column":20}},"216":{"start":{"line":217,"column":0},"end":{"line":217,"column":22}},"217":{"start":{"line":218,"column":0},"end":{"line":218,"column":22}},"218":{"start":{"line":219,"column":0},"end":{"line":219,"column":17}},"219":{"start":{"line":220,"column":0},"end":{"line":220,"column":29}},"220":{"start":{"line":221,"column":0},"end":{"line":221,"column":115}},"221":{"start":{"line":222,"column":0},"end":{"line":222,"column":6}},"222":{"start":{"line":223,"column":0},"end":{"line":223,"column":21}},"223":{"start":{"line":224,"column":0},"end":{"line":224,"column":29}},"224":{"start":{"line":225,"column":0},"end":{"line":225,"column":86}},"225":{"start":{"line":226,"column":0},"end":{"line":226,"column":22}},"226":{"start":{"line":227,"column":0},"end":{"line":227,"column":6}},"227":{"start":{"line":228,"column":0},"end":{"line":228,"column":4}},"228":{"start":{"line":229,"column":0},"end":{"line":229,"column":1}}},"s":{"0":0,"31":0,"33":0,"46":0,"47":0,"48":0,"49":0,"50":0,"51":0,"52":0,"53":0,"54":0,"55":0,"56":0,"57":0,"58":0,"59":0,"60":0,"61":0,"62":0,"63":0,"65":0,"66":0,"67":0,"68":0,"69":0,"70":0,"71":0,"72":0,"73":0,"74":0,"75":0,"89":0,"90":0,"91":0,"92":0,"93":0,"94":0,"95":0,"96":0,"97":0,"98":0,"99":0,"100":0,"101":0,"102":0,"103":0,"104":0,"105":0,"106":0,"107":0,"109":0,"110":0,"111":0,"112":0,"113":0,"114":0,"115":0,"116":0,"117":0,"118":0,"119":0,"125":0,"126":0,"129":0,"130":0,"131":0,"132":0,"133":0,"134":0,"135":0,"136":0,"137":0,"140":0,"141":0,"142":0,"143":0,"144":0,"145":0,"146":0,"147":0,"148":0,"149":0,"150":0,"151":0,"152":0,"155":0,"156":0,"157":0,"158":0,"159":0,"160":0,"163":0,"164":0,"165":0,"166":0,"167":0,"168":0,"169":0,"170":0,"173":0,"174":0,"175":0,"176":0,"177":0,"178":0,"179":0,"180":0,"181":0,"182":0,"183":0,"184":0,"187":0,"188":0,"189":0,"190":0,"191":0,"192":0,"193":0,"194":0,"195":0,"196":0,"197":0,"198":0,"199":0,"200":0,"202":0,"203":0,"204":0,"205":0,"206":0,"207":0,"208":0,"212":0,"213":0,"214":0,"215":0,"216":0,"217":0,"218":0,"219":0,"220":0,"221":0,"222":0,"223":0,"224":0,"225":0,"226":0,"227":0,"228":0},"branchMap":{"0":{"type":"branch","line":1,"loc":{"start":{"line":1,"column":8169},"end":{"line":229,"column":1}},"locations":[{"start":{"line":1,"column":8169},"end":{"line":229,"column":1}}]}},"b":{"0":[0]},"fnMap":{"0":{"name":"(empty-report)","decl":{"start":{"line":1,"column":8169},"end":{"line":229,"column":1}},"loc":{"start":{"line":1,"column":8169},"end":{"line":229,"column":1}},"line":1}},"f":{"0":0}}
,"/home/c03rad0r/.hermes/kanban/boards/bitblik-hardening/workspaces/t_6ed355ab/blik/demo/trust-proof/src/relay-standalone.ts": {"path":"/home/c03rad0r/.hermes/kanban/boards/bitblik-hardening/workspaces/t_6ed355ab/blik/demo/trust-proof/src/relay-standalone.ts","all":true,"statementMap":{"0":{"start":{"line":1,"column":0},"end":{"line":1,"column":3}},"18":{"start":{"line":19,"column":0},"end":{"line":19,"column":58}},"19":{"start":{"line":20,"column":0},"end":{"line":20,"column":38}},"21":{"start":{"line":22,"column":0},"end":{"line":22,"column":44}},"22":{"start":{"line":23,"column":0},"end":{"line":23,"column":27}},"23":{"start":{"line":24,"column":0},"end":{"line":24,"column":26}},"24":{"start":{"line":25,"column":0},"end":{"line":25,"column":7}},"25":{"start":{"line":26,"column":0},"end":{"line":26,"column":40}},"26":{"start":{"line":27,"column":0},"end":{"line":27,"column":15}},"27":{"start":{"line":28,"column":0},"end":{"line":28,"column":62}},"28":{"start":{"line":29,"column":0},"end":{"line":29,"column":102}},"29":{"start":{"line":30,"column":0},"end":{"line":30,"column":107}},"30":{"start":{"line":31,"column":0},"end":{"line":31,"column":22}},"31":{"start":{"line":32,"column":0},"end":{"line":32,"column":5}},"32":{"start":{"line":33,"column":0},"end":{"line":33,"column":12}},"33":{"start":{"line":34,"column":0},"end":{"line":34,"column":3}},"35":{"start":{"line":36,"column":0},"end":{"line":36,"column":72}},"36":{"start":{"line":37,"column":0},"end":{"line":37,"column":60}},"37":{"start":{"line":38,"column":0},"end":{"line":38,"column":98}},"38":{"start":{"line":39,"column":0},"end":{"line":39,"column":32}},"40":{"start":{"line":41,"column":0},"end":{"line":41,"column":22}},"41":{"start":{"line":42,"column":0},"end":{"line":42,"column":43}},"42":{"start":{"line":43,"column":0},"end":{"line":43,"column":67}},"43":{"start":{"line":44,"column":0},"end":{"line":44,"column":19}},"44":{"start":{"line":45,"column":0},"end":{"line":45,"column":45}},"45":{"start":{"line":46,"column":0},"end":{"line":46,"column":24}},"46":{"start":{"line":47,"column":0},"end":{"line":47,"column":28}},"47":{"start":{"line":48,"column":0},"end":{"line":48,"column":23}},"48":{"start":{"line":49,"column":0},"end":{"line":49,"column":92}},"49":{"start":{"line":50,"column":0},"end":{"line":50,"column":24}},"50":{"start":{"line":51,"column":0},"end":{"line":51,"column":8}},"51":{"start":{"line":52,"column":0},"end":{"line":52,"column":6}},"52":{"start":{"line":53,"column":0},"end":{"line":53,"column":4}},"53":{"start":{"line":54,"column":0},"end":{"line":54,"column":49}},"54":{"start":{"line":55,"column":0},"end":{"line":55,"column":51}},"55":{"start":{"line":56,"column":0},"end":{"line":56,"column":1}},"57":{"start":{"line":58,"column":0},"end":{"line":58,"column":36}},"58":{"start":{"line":59,"column":0},"end":{"line":59,"column":72}},"59":{"start":{"line":60,"column":0},"end":{"line":60,"column":18}},"60":{"start":{"line":61,"column":0},"end":{"line":61,"column":3}}},"s":{"0":0,"18":0,"19":0,"21":0,"22":0,"23":0,"24":0,"25":0,"26":0,"27":0,"28":0,"29":0,"30":0,"31":0,"32":0,"33":0,"35":0,"36":0,"37":0,"38":0,"40":0,"41":0,"42":0,"43":0,"44":0,"45":0,"46":0,"47":0,"48":0,"49":0,"50":0,"51":0,"52":0,"53":0,"54":0,"55":0,"57":0,"58":0,"59":0,"60":0},"branchMap":{"0":{"type":"branch","line":1,"loc":{"start":{"line":1,"column":2255},"end":{"line":61,"column":3}},"locations":[{"start":{"line":1,"column":2255},"end":{"line":61,"column":3}}]}},"b":{"0":[0]},"fnMap":{"0":{"name":"(empty-report)","decl":{"start":{"line":1,"column":2255},"end":{"line":61,"column":3}},"loc":{"start":{"line":1,"column":2255},"end":{"line":61,"column":3}},"line":1}},"f":{"0":0}}
,"/home/c03rad0r/.hermes/kanban/boards/bitblik-hardening/workspaces/t_6ed355ab/blik/demo/trust-proof/src/relay.ts": {"path":"/home/c03rad0r/.hermes/kanban/boards/bitblik-hardening/workspaces/t_6ed355ab/blik/demo/trust-proof/src/relay.ts","all":true,"statementMap":{"0":{"start":{"line":1,"column":0},"end":{"line":1,"column":3}},"56":{"start":{"line":57,"column":0},"end":{"line":57,"column":49}},"57":{"start":{"line":58,"column":0},"end":{"line":58,"column":37}},"58":{"start":{"line":59,"column":0},"end":{"line":59,"column":62}},"59":{"start":{"line":60,"column":0},"end":{"line":60,"column":5}},"60":{"start":{"line":61,"column":0},"end":{"line":61,"column":66}},"61":{"start":{"line":62,"column":0},"end":{"line":62,"column":1}},"65":{"start":{"line":66,"column":0},"end":{"line":66,"column":63}},"66":{"start":{"line":67,"column":0},"end":{"line":67,"column":83}},"67":{"start":{"line":68,"column":0},"end":{"line":68,"column":72}},"68":{"start":{"line":69,"column":0},"end":{"line":69,"column":14}},"69":{"start":{"line":70,"column":0},"end":{"line":70,"column":1}},"72":{"start":{"line":73,"column":0},"end":{"line":73,"column":69}},"73":{"start":{"line":74,"column":0},"end":{"line":74,"column":44}},"75":{"start":{"line":76,"column":0},"end":{"line":76,"column":47}},"76":{"start":{"line":77,"column":0},"end":{"line":77,"column":45}},"77":{"start":{"line":78,"column":0},"end":{"line":78,"column":1}},"79":{"start":{"line":80,"column":0},"end":{"line":80,"column":52}},"80":{"start":{"line":81,"column":0},"end":{"line":81,"column":56}},"81":{"start":{"line":82,"column":0},"end":{"line":82,"column":41}},"82":{"start":{"line":83,"column":0},"end":{"line":83,"column":10}},"83":{"start":{"line":84,"column":0},"end":{"line":84,"column":31}},"84":{"start":{"line":85,"column":0},"end":{"line":85,"column":35}},"85":{"start":{"line":86,"column":0},"end":{"line":86,"column":39}},"86":{"start":{"line":87,"column":0},"end":{"line":87,"column":33}},"87":{"start":{"line":88,"column":0},"end":{"line":88,"column":28}},"88":{"start":{"line":89,"column":0},"end":{"line":89,"column":33}},"90":{"start":{"line":91,"column":0},"end":{"line":91,"column":1}},"98":{"start":{"line":99,"column":0},"end":{"line":99,"column":80}},"99":{"start":{"line":100,"column":0},"end":{"line":100,"column":58}},"100":{"start":{"line":101,"column":0},"end":{"line":101,"column":48}},"101":{"start":{"line":102,"column":0},"end":{"line":102,"column":38}},"102":{"start":{"line":103,"column":0},"end":{"line":103,"column":33}},"103":{"start":{"line":104,"column":0},"end":{"line":104,"column":5}},"104":{"start":{"line":105,"column":0},"end":{"line":105,"column":35}},"105":{"start":{"line":106,"column":0},"end":{"line":106,"column":90}},"107":{"start":{"line":108,"column":0},"end":{"line":108,"column":47}},"108":{"start":{"line":109,"column":0},"end":{"line":109,"column":60}},"110":{"start":{"line":111,"column":0},"end":{"line":111,"column":62}},"111":{"start":{"line":112,"column":0},"end":{"line":112,"column":28}},"112":{"start":{"line":113,"column":0},"end":{"line":113,"column":53}},"113":{"start":{"line":114,"column":0},"end":{"line":114,"column":111}},"114":{"start":{"line":115,"column":0},"end":{"line":115,"column":13}},"115":{"start":{"line":116,"column":0},"end":{"line":116,"column":5}},"116":{"start":{"line":117,"column":0},"end":{"line":117,"column":32}},"117":{"start":{"line":118,"column":0},"end":{"line":118,"column":80}},"118":{"start":{"line":119,"column":0},"end":{"line":119,"column":13}},"119":{"start":{"line":120,"column":0},"end":{"line":120,"column":5}},"121":{"start":{"line":122,"column":0},"end":{"line":122,"column":28}},"122":{"start":{"line":123,"column":0},"end":{"line":123,"column":93}},"123":{"start":{"line":124,"column":0},"end":{"line":124,"column":13}},"124":{"start":{"line":125,"column":0},"end":{"line":125,"column":5}},"125":{"start":{"line":126,"column":0},"end":{"line":126,"column":26}},"128":{"start":{"line":129,"column":0},"end":{"line":129,"column":48}},"129":{"start":{"line":130,"column":0},"end":{"line":130,"column":57}},"130":{"start":{"line":131,"column":0},"end":{"line":131,"column":46}},"131":{"start":{"line":132,"column":0},"end":{"line":132,"column":38}},"132":{"start":{"line":133,"column":0},"end":{"line":133,"column":60}},"133":{"start":{"line":134,"column":0},"end":{"line":134,"column":9}},"134":{"start":{"line":135,"column":0},"end":{"line":135,"column":7}},"135":{"start":{"line":136,"column":0},"end":{"line":136,"column":5}},"136":{"start":{"line":137,"column":0},"end":{"line":137,"column":57}},"137":{"start":{"line":138,"column":0},"end":{"line":138,"column":3}},"139":{"start":{"line":140,"column":0},"end":{"line":140,"column":86}},"140":{"start":{"line":141,"column":0},"end":{"line":141,"column":73}},"141":{"start":{"line":142,"column":0},"end":{"line":142,"column":46}},"144":{"start":{"line":145,"column":0},"end":{"line":145,"column":83}},"145":{"start":{"line":146,"column":0},"end":{"line":146,"column":34}},"146":{"start":{"line":147,"column":0},"end":{"line":147,"column":35}},"150":{"start":{"line":151,"column":0},"end":{"line":151,"column":49}},"151":{"start":{"line":152,"column":0},"end":{"line":152,"column":30}},"152":{"start":{"line":153,"column":0},"end":{"line":153,"column":43}},"153":{"start":{"line":154,"column":0},"end":{"line":154,"column":45}},"154":{"start":{"line":155,"column":0},"end":{"line":155,"column":53}},"155":{"start":{"line":156,"column":0},"end":{"line":156,"column":20}},"156":{"start":{"line":157,"column":0},"end":{"line":157,"column":58}},"157":{"start":{"line":158,"column":0},"end":{"line":158,"column":53}},"158":{"start":{"line":159,"column":0},"end":{"line":159,"column":21}},"159":{"start":{"line":160,"column":0},"end":{"line":160,"column":53}},"160":{"start":{"line":161,"column":0},"end":{"line":161,"column":5}},"161":{"start":{"line":162,"column":0},"end":{"line":162,"column":88}},"162":{"start":{"line":163,"column":0},"end":{"line":163,"column":56}},"163":{"start":{"line":164,"column":0},"end":{"line":164,"column":5}},"164":{"start":{"line":165,"column":0},"end":{"line":165,"column":49}},"165":{"start":{"line":166,"column":0},"end":{"line":166,"column":3}},"167":{"start":{"line":168,"column":0},"end":{"line":168,"column":65}},"168":{"start":{"line":169,"column":0},"end":{"line":169,"column":42}},"169":{"start":{"line":170,"column":0},"end":{"line":170,"column":42}},"170":{"start":{"line":171,"column":0},"end":{"line":171,"column":57}},"171":{"start":{"line":172,"column":0},"end":{"line":172,"column":68}},"172":{"start":{"line":173,"column":0},"end":{"line":173,"column":3}},"174":{"start":{"line":175,"column":0},"end":{"line":175,"column":35}},"175":{"start":{"line":176,"column":0},"end":{"line":176,"column":41}},"176":{"start":{"line":177,"column":0},"end":{"line":177,"column":23}},"177":{"start":{"line":178,"column":0},"end":{"line":178,"column":11}},"178":{"start":{"line":179,"column":0},"end":{"line":179,"column":39}},"179":{"start":{"line":180,"column":0},"end":{"line":180,"column":15}},"180":{"start":{"line":181,"column":0},"end":{"line":181,"column":44}},"181":{"start":{"line":182,"column":0},"end":{"line":182,"column":7}},"182":{"start":{"line":183,"column":0},"end":{"line":183,"column":58}},"183":{"start":{"line":184,"column":0},"end":{"line":184,"column":25}},"184":{"start":{"line":185,"column":0},"end":{"line":185,"column":52}},"185":{"start":{"line":186,"column":0},"end":{"line":186,"column":67}},"186":{"start":{"line":187,"column":0},"end":{"line":187,"column":57}},"188":{"start":{"line":189,"column":0},"end":{"line":189,"column":7}},"189":{"start":{"line":190,"column":0},"end":{"line":190,"column":50}},"190":{"start":{"line":191,"column":0},"end":{"line":191,"column":5}},"192":{"start":{"line":193,"column":0},"end":{"line":193,"column":10}},"193":{"start":{"line":194,"column":0},"end":{"line":194,"column":9}},"194":{"start":{"line":195,"column":0},"end":{"line":195,"column":34}},"195":{"start":{"line":196,"column":0},"end":{"line":196,"column":67}},"196":{"start":{"line":197,"column":0},"end":{"line":197,"column":27}},"197":{"start":{"line":198,"column":0},"end":{"line":198,"column":62}},"198":{"start":{"line":199,"column":0},"end":{"line":199,"column":52}},"199":{"start":{"line":200,"column":0},"end":{"line":200,"column":63}},"200":{"start":{"line":201,"column":0},"end":{"line":201,"column":9}},"201":{"start":{"line":202,"column":0},"end":{"line":202,"column":6}},"202":{"start":{"line":203,"column":0},"end":{"line":203,"column":4}},"203":{"start":{"line":204,"column":0},"end":{"line":204,"column":1}}},"s":{"0":0,"56":0,"57":0,"58":0,"59":0,"60":0,"61":0,"65":0,"66":0,"67":0,"68":0,"69":0,"72":0,"73":0,"75":0,"76":0,"77":0,"79":0,"80":0,"81":0,"82":0,"83":0,"84":0,"85":0,"86":0,"87":0,"88":0,"90":0,"98":0,"99":0,"100":0,"101":0,"102":0,"103":0,"104":0,"105":0,"107":0,"108":0,"110":0,"111":0,"112":0,"113":0,"114":0,"115":0,"116":0,"117":0,"118":0,"119":0,"121":0,"122":0,"123":0,"124":0,"125":0,"128":0,"129":0,"130":0,"131":0,"132":0,"133":0,"134":0,"135":0,"136":0,"137":0,"139":0,"140":0,"141":0,"144":0,"145":0,"146":0,"150":0,"151":0,"152":0,"153":0,"154":0,"155":0,"156":0,"157":0,"158":0,"159":0,"160":0,"161":0,"162":0,"163":0,"164":0,"165":0,"167":0,"168":0,"169":0,"170":0,"171":0,"172":0,"174":0,"175":0,"176":0,"177":0,"178":0,"179":0,"180":0,"181":0,"182":0,"183":0,"184":0,"185":0,"186":0,"188":0,"189":0,"190":0,"192":0,"193":0,"194":0,"195":0,"196":0,"197":0,"198":0,"199":0,"200":0,"201":0,"202":0,"203":0},"branchMap":{"0":{"type":"branch","line":1,"loc":{"start":{"line":1,"column":7465},"end":{"line":204,"column":1}},"locations":[{"start":{"line":1,"column":7465},"end":{"line":204,"column":1}}]}},"b":{"0":[0]},"fnMap":{"0":{"name":"(empty-report)","decl":{"start":{"line":1,"column":7465},"end":{"line":204,"column":1}},"loc":{"start":{"line":1,"column":7465},"end":{"line":204,"column":1}},"line":1}},"f":{"0":0}}
}
